2021-10-16 18:26:03,535 INFO  [Log] home() PASSED 
2021-10-16 18:26:09,828 INFO  [Log] login() PASSED 
2021-10-16 18:26:10,303 INFO  [Log] searchProduct() PASSED 
2021-10-16 18:26:10,687 INFO  [Log] scrollToBottom() PASSED 
2021-10-16 18:26:13,566 INFO  [Log] seeMoreProducts() PASSED 
2021-10-16 18:26:17,718 INFO  [Log] selectProduct() PASSED 
2021-10-16 18:26:33,361 ERROR [Log] addProductToCart() FAILED because of no such element: Unable to locate element: {"method":"css selector","selector":".rd\-cart\-item\ shoppingcart\-item"}
  (Session info: chrome=94.0.4606.81)
For documentation on this error, please visit: https://www.seleniumhq.org/exceptions/no_such_element.html
Build info: version: '3.141.59', revision: 'e82be7d358', time: '2018-11-14T08:17:03'
System info: host: 'LAPTOP-6005L3OQ', ip: '192.168.1.8', os.name: 'Windows 10', os.arch: 'amd64', os.version: '10.0', java.version: '11.0.6'
Driver info: org.openqa.selenium.chrome.ChromeDriver
Capabilities {acceptInsecureCerts: false, browserName: chrome, browserVersion: 94.0.4606.81, chrome: {chromedriverVersion: 94.0.4606.61 (418b78f5838ed..., userDataDir: C:\Users\Lenovo\AppData\Loc...}, goog:chromeOptions: {debuggerAddress: localhost:54378}, javascriptEnabled: true, networkConnectionEnabled: false, pageLoadStrategy: normal, platform: WINDOWS, platformName: WINDOWS, proxy: Proxy(), setWindowRect: true, strictFileInteractability: false, timeouts: {implicit: 0, pageLoad: 300000, script: 30000}, unhandledPromptBehavior: dismiss and notify, webauthn:extension:credBlob: true, webauthn:extension:largeBlob: true, webauthn:virtualAuthenticators: true}
Session ID: 3c7b954545c7f3de79340abb7f44aae5
*** Element info: {Using=class name, value=rd-cart-item shoppingcart-item} 
2021-10-16 18:26:35,516 INFO  [Log] goToCart() PASSED 
2021-10-16 18:26:35,564 ERROR [Log] comparePrice() FAILED because of expected: <true> but was: <false> 
2021-10-16 18:26:50,611 ERROR [Log] increaseQuantityOfSelectedProduct() FAILED because of no such element: Unable to locate element: {"method":"css selector","selector":".oq\-up\ plus"}
  (Session info: chrome=94.0.4606.81)
For documentation on this error, please visit: https://www.seleniumhq.org/exceptions/no_such_element.html
Build info: version: '3.141.59', revision: 'e82be7d358', time: '2018-11-14T08:17:03'
System info: host: 'LAPTOP-6005L3OQ', ip: '192.168.1.8', os.name: 'Windows 10', os.arch: 'amd64', os.version: '10.0', java.version: '11.0.6'
Driver info: org.openqa.selenium.chrome.ChromeDriver
Capabilities {acceptInsecureCerts: false, browserName: chrome, browserVersion: 94.0.4606.81, chrome: {chromedriverVersion: 94.0.4606.61 (418b78f5838ed..., userDataDir: C:\Users\Lenovo\AppData\Loc...}, goog:chromeOptions: {debuggerAddress: localhost:54378}, javascriptEnabled: true, networkConnectionEnabled: false, pageLoadStrategy: normal, platform: WINDOWS, platformName: WINDOWS, proxy: Proxy(), setWindowRect: true, strictFileInteractability: false, timeouts: {implicit: 0, pageLoad: 300000, script: 30000}, unhandledPromptBehavior: dismiss and notify, webauthn:extension:credBlob: true, webauthn:extension:largeBlob: true, webauthn:virtualAuthenticators: true}
Session ID: 3c7b954545c7f3de79340abb7f44aae5
*** Element info: {Using=class name, value=oq-up plus} 
2021-10-16 18:26:50,740 ERROR [Log] removeProductFromCart() FAILED because of null 
2021-10-16 18:27:05,772 ERROR [Log] isCartOfUserEmpty() FAILED because of no such element: Unable to locate element: {"method":"css selector","selector":".cart\-empty\-title"}
  (Session info: chrome=94.0.4606.81)
For documentation on this error, please visit: https://www.seleniumhq.org/exceptions/no_such_element.html
Build info: version: '3.141.59', revision: 'e82be7d358', time: '2018-11-14T08:17:03'
System info: host: 'LAPTOP-6005L3OQ', ip: '192.168.1.8', os.name: 'Windows 10', os.arch: 'amd64', os.version: '10.0', java.version: '11.0.6'
Driver info: org.openqa.selenium.chrome.ChromeDriver
Capabilities {acceptInsecureCerts: false, browserName: chrome, browserVersion: 94.0.4606.81, chrome: {chromedriverVersion: 94.0.4606.61 (418b78f5838ed..., userDataDir: C:\Users\Lenovo\AppData\Loc...}, goog:chromeOptions: {debuggerAddress: localhost:54378}, javascriptEnabled: true, networkConnectionEnabled: false, pageLoadStrategy: normal, platform: WINDOWS, platformName: WINDOWS, proxy: Proxy(), setWindowRect: true, strictFileInteractability: false, timeouts: {implicit: 0, pageLoad: 300000, script: 30000}, unhandledPromptBehavior: dismiss and notify, webauthn:extension:credBlob: true, webauthn:extension:largeBlob: true, webauthn:virtualAuthenticators: true}
Session ID: 3c7b954545c7f3de79340abb7f44aae5
*** Element info: {Using=class name, value=cart-empty-title} 
2021-10-16 18:28:11,457 INFO  [Log] home() PASSED 
2021-10-16 18:28:25,574 INFO  [Log] login() PASSED 
2021-10-16 18:28:26,199 INFO  [Log] searchProduct() PASSED 
2021-10-16 18:28:26,267 INFO  [Log] scrollToBottom() PASSED 
2021-10-16 18:28:31,184 INFO  [Log] seeMoreProducts() PASSED 
2021-10-16 18:28:36,156 INFO  [Log] selectProduct() PASSED 
2021-10-16 18:28:54,633 ERROR [Log] addProductToCart() FAILED because of no such element: Unable to locate element: {"method":"css selector","selector":".rd\-cart\-item\ shoppingcart\-item"}
  (Session info: chrome=94.0.4606.81)
For documentation on this error, please visit: https://www.seleniumhq.org/exceptions/no_such_element.html
Build info: version: '3.141.59', revision: 'e82be7d358', time: '2018-11-14T08:17:03'
System info: host: 'LAPTOP-6005L3OQ', ip: '192.168.1.8', os.name: 'Windows 10', os.arch: 'amd64', os.version: '10.0', java.version: '11.0.6'
Driver info: org.openqa.selenium.chrome.ChromeDriver
Capabilities {acceptInsecureCerts: false, browserName: chrome, browserVersion: 94.0.4606.81, chrome: {chromedriverVersion: 94.0.4606.61 (418b78f5838ed..., userDataDir: C:\Users\Lenovo\AppData\Loc...}, goog:chromeOptions: {debuggerAddress: localhost:62632}, javascriptEnabled: true, networkConnectionEnabled: false, pageLoadStrategy: normal, platform: WINDOWS, platformName: WINDOWS, proxy: Proxy(), setWindowRect: true, strictFileInteractability: false, timeouts: {implicit: 0, pageLoad: 300000, script: 30000}, unhandledPromptBehavior: dismiss and notify, webauthn:extension:credBlob: true, webauthn:extension:largeBlob: true, webauthn:virtualAuthenticators: true}
Session ID: 8b7554661c2d4c4fd32822598cb58944
*** Element info: {Using=class name, value=rd-cart-item shoppingcart-item} 
2021-10-16 18:29:00,168 INFO  [Log] goToCart() PASSED 
2021-10-16 18:29:00,215 ERROR [Log] comparePrice() FAILED because of expected: <true> but was: <false> 
2021-10-16 18:29:15,240 ERROR [Log] increaseQuantityOfSelectedProduct() FAILED because of no such element: Unable to locate element: {"method":"css selector","selector":".oq\-up\ plus"}
  (Session info: chrome=94.0.4606.81)
For documentation on this error, please visit: https://www.seleniumhq.org/exceptions/no_such_element.html
Build info: version: '3.141.59', revision: 'e82be7d358', time: '2018-11-14T08:17:03'
System info: host: 'LAPTOP-6005L3OQ', ip: '192.168.1.8', os.name: 'Windows 10', os.arch: 'amd64', os.version: '10.0', java.version: '11.0.6'
Driver info: org.openqa.selenium.chrome.ChromeDriver
Capabilities {acceptInsecureCerts: false, browserName: chrome, browserVersion: 94.0.4606.81, chrome: {chromedriverVersion: 94.0.4606.61 (418b78f5838ed..., userDataDir: C:\Users\Lenovo\AppData\Loc...}, goog:chromeOptions: {debuggerAddress: localhost:62632}, javascriptEnabled: true, networkConnectionEnabled: false, pageLoadStrategy: normal, platform: WINDOWS, platformName: WINDOWS, proxy: Proxy(), setWindowRect: true, strictFileInteractability: false, timeouts: {implicit: 0, pageLoad: 300000, script: 30000}, unhandledPromptBehavior: dismiss and notify, webauthn:extension:credBlob: true, webauthn:extension:largeBlob: true, webauthn:virtualAuthenticators: true}
Session ID: 8b7554661c2d4c4fd32822598cb58944
*** Element info: {Using=class name, value=oq-up plus} 
2021-10-16 18:29:15,377 ERROR [Log] removeProductFromCart() FAILED because of null 
2021-10-16 18:29:30,400 ERROR [Log] isCartOfUserEmpty() FAILED because of no such element: Unable to locate element: {"method":"css selector","selector":".cart\-empty\-title"}
  (Session info: chrome=94.0.4606.81)
For documentation on this error, please visit: https://www.seleniumhq.org/exceptions/no_such_element.html
Build info: version: '3.141.59', revision: 'e82be7d358', time: '2018-11-14T08:17:03'
System info: host: 'LAPTOP-6005L3OQ', ip: '192.168.1.8', os.name: 'Windows 10', os.arch: 'amd64', os.version: '10.0', java.version: '11.0.6'
Driver info: org.openqa.selenium.chrome.ChromeDriver
Capabilities {acceptInsecureCerts: false, browserName: chrome, browserVersion: 94.0.4606.81, chrome: {chromedriverVersion: 94.0.4606.61 (418b78f5838ed..., userDataDir: C:\Users\Lenovo\AppData\Loc...}, goog:chromeOptions: {debuggerAddress: localhost:62632}, javascriptEnabled: true, networkConnectionEnabled: false, pageLoadStrategy: normal, platform: WINDOWS, platformName: WINDOWS, proxy: Proxy(), setWindowRect: true, strictFileInteractability: false, timeouts: {implicit: 0, pageLoad: 300000, script: 30000}, unhandledPromptBehavior: dismiss and notify, webauthn:extension:credBlob: true, webauthn:extension:largeBlob: true, webauthn:virtualAuthenticators: true}
Session ID: 8b7554661c2d4c4fd32822598cb58944
*** Element info: {Using=class name, value=cart-empty-title} 
2021-10-16 18:31:48,736 INFO  [Log] home() PASSED 
2021-10-16 18:31:56,140 INFO  [Log] login() PASSED 
2021-10-16 18:31:56,623 INFO  [Log] searchProduct() PASSED 
2021-10-16 18:32:02,033 INFO  [Log] scrollToBottom() PASSED 
2021-10-16 18:32:05,277 INFO  [Log] seeMoreProducts() PASSED 
2021-10-16 18:32:09,645 INFO  [Log] selectProduct() PASSED 
2021-10-16 18:32:28,094 ERROR [Log] addProductToCart() FAILED because of no such element: Unable to locate element: {"method":"css selector","selector":".rd\-cart\-item\ shoppingcart\-item"}
  (Session info: chrome=94.0.4606.81)
For documentation on this error, please visit: https://www.seleniumhq.org/exceptions/no_such_element.html
Build info: version: '3.141.59', revision: 'e82be7d358', time: '2018-11-14T08:17:03'
System info: host: 'LAPTOP-6005L3OQ', ip: '192.168.1.8', os.name: 'Windows 10', os.arch: 'amd64', os.version: '10.0', java.version: '11.0.6'
Driver info: org.openqa.selenium.chrome.ChromeDriver
Capabilities {acceptInsecureCerts: false, browserName: chrome, browserVersion: 94.0.4606.81, chrome: {chromedriverVersion: 94.0.4606.61 (418b78f5838ed..., userDataDir: C:\Users\Lenovo\AppData\Loc...}, goog:chromeOptions: {debuggerAddress: localhost:51108}, javascriptEnabled: true, networkConnectionEnabled: false, pageLoadStrategy: normal, platform: WINDOWS, platformName: WINDOWS, proxy: Proxy(), setWindowRect: true, strictFileInteractability: false, timeouts: {implicit: 0, pageLoad: 300000, script: 30000}, unhandledPromptBehavior: dismiss and notify, webauthn:extension:credBlob: true, webauthn:extension:largeBlob: true, webauthn:virtualAuthenticators: true}
Session ID: c4de79448b254955f667b1930cde7752
*** Element info: {Using=class name, value=rd-cart-item shoppingcart-item} 
2021-10-16 18:32:34,778 INFO  [Log] goToCart() PASSED 
2021-10-16 18:32:34,824 ERROR [Log] comparePrice() FAILED because of expected: <true> but was: <false> 
2021-10-16 18:32:49,898 ERROR [Log] increaseQuantityOfSelectedProduct() FAILED because of no such element: Unable to locate element: {"method":"css selector","selector":".oq\-up\ plus"}
  (Session info: chrome=94.0.4606.81)
For documentation on this error, please visit: https://www.seleniumhq.org/exceptions/no_such_element.html
Build info: version: '3.141.59', revision: 'e82be7d358', time: '2018-11-14T08:17:03'
System info: host: 'LAPTOP-6005L3OQ', ip: '192.168.1.8', os.name: 'Windows 10', os.arch: 'amd64', os.version: '10.0', java.version: '11.0.6'
Driver info: org.openqa.selenium.chrome.ChromeDriver
Capabilities {acceptInsecureCerts: false, browserName: chrome, browserVersion: 94.0.4606.81, chrome: {chromedriverVersion: 94.0.4606.61 (418b78f5838ed..., userDataDir: C:\Users\Lenovo\AppData\Loc...}, goog:chromeOptions: {debuggerAddress: localhost:51108}, javascriptEnabled: true, networkConnectionEnabled: false, pageLoadStrategy: normal, platform: WINDOWS, platformName: WINDOWS, proxy: Proxy(), setWindowRect: true, strictFileInteractability: false, timeouts: {implicit: 0, pageLoad: 300000, script: 30000}, unhandledPromptBehavior: dismiss and notify, webauthn:extension:credBlob: true, webauthn:extension:largeBlob: true, webauthn:virtualAuthenticators: true}
Session ID: c4de79448b254955f667b1930cde7752
*** Element info: {Using=class name, value=oq-up plus} 
2021-10-16 18:32:50,041 ERROR [Log] removeProductFromCart() FAILED because of null 
2021-10-16 18:33:05,088 ERROR [Log] isCartOfUserEmpty() FAILED because of no such element: Unable to locate element: {"method":"css selector","selector":".cart\-empty\-title"}
  (Session info: chrome=94.0.4606.81)
For documentation on this error, please visit: https://www.seleniumhq.org/exceptions/no_such_element.html
Build info: version: '3.141.59', revision: 'e82be7d358', time: '2018-11-14T08:17:03'
System info: host: 'LAPTOP-6005L3OQ', ip: '192.168.1.8', os.name: 'Windows 10', os.arch: 'amd64', os.version: '10.0', java.version: '11.0.6'
Driver info: org.openqa.selenium.chrome.ChromeDriver
Capabilities {acceptInsecureCerts: false, browserName: chrome, browserVersion: 94.0.4606.81, chrome: {chromedriverVersion: 94.0.4606.61 (418b78f5838ed..., userDataDir: C:\Users\Lenovo\AppData\Loc...}, goog:chromeOptions: {debuggerAddress: localhost:51108}, javascriptEnabled: true, networkConnectionEnabled: false, pageLoadStrategy: normal, platform: WINDOWS, platformName: WINDOWS, proxy: Proxy(), setWindowRect: true, strictFileInteractability: false, timeouts: {implicit: 0, pageLoad: 300000, script: 30000}, unhandledPromptBehavior: dismiss and notify, webauthn:extension:credBlob: true, webauthn:extension:largeBlob: true, webauthn:virtualAuthenticators: true}
Session ID: c4de79448b254955f667b1930cde7752
*** Element info: {Using=class name, value=cart-empty-title} 
2021-10-16 18:38:58,366 INFO  [Log] home() PASSED 
2021-10-16 18:39:06,638 INFO  [Log] login() PASSED 
2021-10-16 18:39:09,712 INFO  [Log] searchProduct() PASSED 
2021-10-16 18:39:09,757 INFO  [Log] scrollToBottom() PASSED 
2021-10-16 18:39:13,513 INFO  [Log] seeMoreProducts() PASSED 
2021-10-16 18:39:16,743 INFO  [Log] selectProduct() PASSED 
2021-10-16 18:39:33,227 ERROR [Log] addProductToCart() FAILED because of no such element: Unable to locate element: {"method":"css selector","selector":".rd\-cart\-item\ shoppingcart\-item"}
  (Session info: chrome=94.0.4606.81)
For documentation on this error, please visit: https://www.seleniumhq.org/exceptions/no_such_element.html
Build info: version: '3.141.59', revision: 'e82be7d358', time: '2018-11-14T08:17:03'
System info: host: 'LAPTOP-6005L3OQ', ip: '192.168.1.8', os.name: 'Windows 10', os.arch: 'amd64', os.version: '10.0', java.version: '11.0.6'
Driver info: org.openqa.selenium.chrome.ChromeDriver
Capabilities {acceptInsecureCerts: false, browserName: chrome, browserVersion: 94.0.4606.81, chrome: {chromedriverVersion: 94.0.4606.61 (418b78f5838ed..., userDataDir: C:\Users\Lenovo\AppData\Loc...}, goog:chromeOptions: {debuggerAddress: localhost:55817}, javascriptEnabled: true, networkConnectionEnabled: false, pageLoadStrategy: normal, platform: WINDOWS, platformName: WINDOWS, proxy: Proxy(), setWindowRect: true, strictFileInteractability: false, timeouts: {implicit: 0, pageLoad: 300000, script: 30000}, unhandledPromptBehavior: dismiss and notify, webauthn:extension:credBlob: true, webauthn:extension:largeBlob: true, webauthn:virtualAuthenticators: true}
Session ID: 990e2e11cd066bcad80ce93991a33443
*** Element info: {Using=class name, value=rd-cart-item shoppingcart-item} 
2021-10-16 18:39:35,211 INFO  [Log] goToCart() PASSED 
2021-10-16 18:39:35,336 ERROR [Log] comparePrice() FAILED because of expected: <true> but was: <false> 
2021-10-16 18:39:50,473 ERROR [Log] increaseQuantityOfSelectedProduct() FAILED because of no such element: Unable to locate element: {"method":"css selector","selector":".oq\-up\ plus"}
  (Session info: chrome=94.0.4606.81)
For documentation on this error, please visit: https://www.seleniumhq.org/exceptions/no_such_element.html
Build info: version: '3.141.59', revision: 'e82be7d358', time: '2018-11-14T08:17:03'
System info: host: 'LAPTOP-6005L3OQ', ip: '192.168.1.8', os.name: 'Windows 10', os.arch: 'amd64', os.version: '10.0', java.version: '11.0.6'
Driver info: org.openqa.selenium.chrome.ChromeDriver
Capabilities {acceptInsecureCerts: false, browserName: chrome, browserVersion: 94.0.4606.81, chrome: {chromedriverVersion: 94.0.4606.61 (418b78f5838ed..., userDataDir: C:\Users\Lenovo\AppData\Loc...}, goog:chromeOptions: {debuggerAddress: localhost:55817}, javascriptEnabled: true, networkConnectionEnabled: false, pageLoadStrategy: normal, platform: WINDOWS, platformName: WINDOWS, proxy: Proxy(), setWindowRect: true, strictFileInteractability: false, timeouts: {implicit: 0, pageLoad: 300000, script: 30000}, unhandledPromptBehavior: dismiss and notify, webauthn:extension:credBlob: true, webauthn:extension:largeBlob: true, webauthn:virtualAuthenticators: true}
Session ID: 990e2e11cd066bcad80ce93991a33443
*** Element info: {Using=class name, value=oq-up plus} 
2021-10-16 18:39:50,622 ERROR [Log] removeProductFromCart() FAILED because of null 
2021-10-16 18:40:05,674 ERROR [Log] isCartOfUserEmpty() FAILED because of no such element: Unable to locate element: {"method":"css selector","selector":".cart\-empty\-title"}
  (Session info: chrome=94.0.4606.81)
For documentation on this error, please visit: https://www.seleniumhq.org/exceptions/no_such_element.html
Build info: version: '3.141.59', revision: 'e82be7d358', time: '2018-11-14T08:17:03'
System info: host: 'LAPTOP-6005L3OQ', ip: '192.168.1.8', os.name: 'Windows 10', os.arch: 'amd64', os.version: '10.0', java.version: '11.0.6'
Driver info: org.openqa.selenium.chrome.ChromeDriver
Capabilities {acceptInsecureCerts: false, browserName: chrome, browserVersion: 94.0.4606.81, chrome: {chromedriverVersion: 94.0.4606.61 (418b78f5838ed..., userDataDir: C:\Users\Lenovo\AppData\Loc...}, goog:chromeOptions: {debuggerAddress: localhost:55817}, javascriptEnabled: true, networkConnectionEnabled: false, pageLoadStrategy: normal, platform: WINDOWS, platformName: WINDOWS, proxy: Proxy(), setWindowRect: true, strictFileInteractability: false, timeouts: {implicit: 0, pageLoad: 300000, script: 30000}, unhandledPromptBehavior: dismiss and notify, webauthn:extension:credBlob: true, webauthn:extension:largeBlob: true, webauthn:virtualAuthenticators: true}
Session ID: 990e2e11cd066bcad80ce93991a33443
*** Element info: {Using=class name, value=cart-empty-title} 
2021-10-16 18:40:35,112 INFO  [Log] home() PASSED 
2021-10-16 18:40:41,511 INFO  [Log] login() PASSED 
2021-10-16 18:40:41,926 INFO  [Log] searchProduct() PASSED 
2021-10-16 18:40:42,148 INFO  [Log] scrollToBottom() PASSED 
2021-10-16 18:40:45,857 INFO  [Log] seeMoreProducts() PASSED 
2021-10-16 18:40:49,919 INFO  [Log] selectProduct() PASSED 
2021-10-16 18:41:05,917 ERROR [Log] addProductToCart() FAILED because of no such element: Unable to locate element: {"method":"css selector","selector":".rd\-cart\-item\ shoppingcart\-item"}
  (Session info: chrome=94.0.4606.81)
For documentation on this error, please visit: https://www.seleniumhq.org/exceptions/no_such_element.html
Build info: version: '3.141.59', revision: 'e82be7d358', time: '2018-11-14T08:17:03'
System info: host: 'LAPTOP-6005L3OQ', ip: '192.168.1.8', os.name: 'Windows 10', os.arch: 'amd64', os.version: '10.0', java.version: '11.0.6'
Driver info: org.openqa.selenium.chrome.ChromeDriver
Capabilities {acceptInsecureCerts: false, browserName: chrome, browserVersion: 94.0.4606.81, chrome: {chromedriverVersion: 94.0.4606.61 (418b78f5838ed..., userDataDir: C:\Users\Lenovo\AppData\Loc...}, goog:chromeOptions: {debuggerAddress: localhost:53093}, javascriptEnabled: true, networkConnectionEnabled: false, pageLoadStrategy: normal, platform: WINDOWS, platformName: WINDOWS, proxy: Proxy(), setWindowRect: true, strictFileInteractability: false, timeouts: {implicit: 0, pageLoad: 300000, script: 30000}, unhandledPromptBehavior: dismiss and notify, webauthn:extension:credBlob: true, webauthn:extension:largeBlob: true, webauthn:virtualAuthenticators: true}
Session ID: a2c7cd616980055173dcb0d28f1652c1
*** Element info: {Using=class name, value=rd-cart-item shoppingcart-item} 
2021-10-16 18:41:07,954 INFO  [Log] goToCart() PASSED 
2021-10-16 18:41:28,264 ERROR [Log] comparePrice() FAILED because of expected: <true> but was: <false> 
2021-10-16 18:41:43,333 ERROR [Log] increaseQuantityOfSelectedProduct() FAILED because of no such element: Unable to locate element: {"method":"css selector","selector":".oq\-up\ plus"}
  (Session info: chrome=94.0.4606.81)
For documentation on this error, please visit: https://www.seleniumhq.org/exceptions/no_such_element.html
Build info: version: '3.141.59', revision: 'e82be7d358', time: '2018-11-14T08:17:03'
System info: host: 'LAPTOP-6005L3OQ', ip: '192.168.1.8', os.name: 'Windows 10', os.arch: 'amd64', os.version: '10.0', java.version: '11.0.6'
Driver info: org.openqa.selenium.chrome.ChromeDriver
Capabilities {acceptInsecureCerts: false, browserName: chrome, browserVersion: 94.0.4606.81, chrome: {chromedriverVersion: 94.0.4606.61 (418b78f5838ed..., userDataDir: C:\Users\Lenovo\AppData\Loc...}, goog:chromeOptions: {debuggerAddress: localhost:53093}, javascriptEnabled: true, networkConnectionEnabled: false, pageLoadStrategy: normal, platform: WINDOWS, platformName: WINDOWS, proxy: Proxy(), setWindowRect: true, strictFileInteractability: false, timeouts: {implicit: 0, pageLoad: 300000, script: 30000}, unhandledPromptBehavior: dismiss and notify, webauthn:extension:credBlob: true, webauthn:extension:largeBlob: true, webauthn:virtualAuthenticators: true}
Session ID: a2c7cd616980055173dcb0d28f1652c1
*** Element info: {Using=class name, value=oq-up plus} 
2021-10-16 18:41:59,994 INFO  [Log] home() PASSED 
2021-10-16 18:42:08,266 INFO  [Log] login() PASSED 
2021-10-16 18:42:12,659 INFO  [Log] searchProduct() PASSED 
2021-10-16 18:42:13,225 INFO  [Log] scrollToBottom() PASSED 
2021-10-16 18:42:16,264 INFO  [Log] seeMoreProducts() PASSED 
2021-10-16 18:42:22,365 INFO  [Log] selectProduct() PASSED 
2021-10-16 18:42:38,128 ERROR [Log] addProductToCart() FAILED because of no such element: Unable to locate element: {"method":"css selector","selector":".rd\-cart\-item\ shoppingcart\-item"}
  (Session info: chrome=94.0.4606.81)
For documentation on this error, please visit: https://www.seleniumhq.org/exceptions/no_such_element.html
Build info: version: '3.141.59', revision: 'e82be7d358', time: '2018-11-14T08:17:03'
System info: host: 'LAPTOP-6005L3OQ', ip: '192.168.1.8', os.name: 'Windows 10', os.arch: 'amd64', os.version: '10.0', java.version: '11.0.6'
Driver info: org.openqa.selenium.chrome.ChromeDriver
Capabilities {acceptInsecureCerts: false, browserName: chrome, browserVersion: 94.0.4606.81, chrome: {chromedriverVersion: 94.0.4606.61 (418b78f5838ed..., userDataDir: C:\Users\Lenovo\AppData\Loc...}, goog:chromeOptions: {debuggerAddress: localhost:51828}, javascriptEnabled: true, networkConnectionEnabled: false, pageLoadStrategy: normal, platform: WINDOWS, platformName: WINDOWS, proxy: Proxy(), setWindowRect: true, strictFileInteractability: false, timeouts: {implicit: 0, pageLoad: 300000, script: 30000}, unhandledPromptBehavior: dismiss and notify, webauthn:extension:credBlob: true, webauthn:extension:largeBlob: true, webauthn:virtualAuthenticators: true}
Session ID: cbda81ae7ac07760f883b7f5daee00c7
*** Element info: {Using=class name, value=rd-cart-item shoppingcart-item} 
2021-10-16 18:42:41,436 INFO  [Log] goToCart() PASSED 
2021-10-16 18:43:03,726 ERROR [Log] comparePrice() FAILED because of expected: <true> but was: <false> 
2021-10-16 18:43:46,258 INFO  [Log] home() PASSED 
2021-10-16 18:43:53,422 INFO  [Log] login() PASSED 
2021-10-16 18:43:54,254 INFO  [Log] searchProduct() PASSED 
2021-10-16 18:43:54,295 INFO  [Log] scrollToBottom() PASSED 
2021-10-16 18:43:59,363 INFO  [Log] seeMoreProducts() PASSED 
2021-10-16 18:44:05,055 INFO  [Log] selectProduct() PASSED 
2021-10-16 18:44:20,717 ERROR [Log] addProductToCart() FAILED because of no such element: Unable to locate element: {"method":"css selector","selector":".rd\-cart\-item\ shoppingcart\-item"}
  (Session info: chrome=94.0.4606.81)
For documentation on this error, please visit: https://www.seleniumhq.org/exceptions/no_such_element.html
Build info: version: '3.141.59', revision: 'e82be7d358', time: '2018-11-14T08:17:03'
System info: host: 'LAPTOP-6005L3OQ', ip: '192.168.1.8', os.name: 'Windows 10', os.arch: 'amd64', os.version: '10.0', java.version: '11.0.6'
Driver info: org.openqa.selenium.chrome.ChromeDriver
Capabilities {acceptInsecureCerts: false, browserName: chrome, browserVersion: 94.0.4606.81, chrome: {chromedriverVersion: 94.0.4606.61 (418b78f5838ed..., userDataDir: C:\Users\Lenovo\AppData\Loc...}, goog:chromeOptions: {debuggerAddress: localhost:55847}, javascriptEnabled: true, networkConnectionEnabled: false, pageLoadStrategy: normal, platform: WINDOWS, platformName: WINDOWS, proxy: Proxy(), setWindowRect: true, strictFileInteractability: false, timeouts: {implicit: 0, pageLoad: 300000, script: 30000}, unhandledPromptBehavior: dismiss and notify, webauthn:extension:credBlob: true, webauthn:extension:largeBlob: true, webauthn:virtualAuthenticators: true}
Session ID: 6300be49dedc23b30faebe09b32f44ca
*** Element info: {Using=class name, value=rd-cart-item shoppingcart-item} 
2021-10-16 18:44:23,561 INFO  [Log] goToCart() PASSED 
2021-10-16 18:44:34,182 ERROR [Log] comparePrice() FAILED because of expected: <true> but was: <false> 
2021-10-16 18:44:49,232 ERROR [Log] increaseQuantityOfSelectedProduct() FAILED because of no such element: Unable to locate element: {"method":"css selector","selector":".oq\-up\ plus"}
  (Session info: chrome=94.0.4606.81)
For documentation on this error, please visit: https://www.seleniumhq.org/exceptions/no_such_element.html
Build info: version: '3.141.59', revision: 'e82be7d358', time: '2018-11-14T08:17:03'
System info: host: 'LAPTOP-6005L3OQ', ip: '192.168.1.8', os.name: 'Windows 10', os.arch: 'amd64', os.version: '10.0', java.version: '11.0.6'
Driver info: org.openqa.selenium.chrome.ChromeDriver
Capabilities {acceptInsecureCerts: false, browserName: chrome, browserVersion: 94.0.4606.81, chrome: {chromedriverVersion: 94.0.4606.61 (418b78f5838ed..., userDataDir: C:\Users\Lenovo\AppData\Loc...}, goog:chromeOptions: {debuggerAddress: localhost:55847}, javascriptEnabled: true, networkConnectionEnabled: false, pageLoadStrategy: normal, platform: WINDOWS, platformName: WINDOWS, proxy: Proxy(), setWindowRect: true, strictFileInteractability: false, timeouts: {implicit: 0, pageLoad: 300000, script: 30000}, unhandledPromptBehavior: dismiss and notify, webauthn:extension:credBlob: true, webauthn:extension:largeBlob: true, webauthn:virtualAuthenticators: true}
Session ID: 6300be49dedc23b30faebe09b32f44ca
*** Element info: {Using=class name, value=oq-up plus} 
2021-10-16 18:44:49,375 ERROR [Log] removeProductFromCart() FAILED because of null 
2021-10-16 18:44:53,224 INFO  [Log] isCartOfUserEmpty() PASSED 
2021-10-16 18:45:34,810 INFO  [Log] home() PASSED 
2021-10-16 18:45:41,493 INFO  [Log] login() PASSED 
2021-10-16 18:45:42,036 INFO  [Log] searchProduct() PASSED 
2021-10-16 18:45:42,316 INFO  [Log] scrollToBottom() PASSED 
2021-10-16 18:45:45,707 INFO  [Log] seeMoreProducts() PASSED 
2021-10-16 18:45:49,628 INFO  [Log] selectProduct() PASSED 
2021-10-16 18:46:06,776 ERROR [Log] addProductToCart() FAILED because of no such element: Unable to locate element: {"method":"css selector","selector":".rd\-cart\-item\ shoppingcart\-item"}
  (Session info: chrome=94.0.4606.81)
For documentation on this error, please visit: https://www.seleniumhq.org/exceptions/no_such_element.html
Build info: version: '3.141.59', revision: 'e82be7d358', time: '2018-11-14T08:17:03'
System info: host: 'LAPTOP-6005L3OQ', ip: '192.168.1.8', os.name: 'Windows 10', os.arch: 'amd64', os.version: '10.0', java.version: '11.0.6'
Driver info: org.openqa.selenium.chrome.ChromeDriver
Capabilities {acceptInsecureCerts: false, browserName: chrome, browserVersion: 94.0.4606.81, chrome: {chromedriverVersion: 94.0.4606.61 (418b78f5838ed..., userDataDir: C:\Users\Lenovo\AppData\Loc...}, goog:chromeOptions: {debuggerAddress: localhost:64009}, javascriptEnabled: true, networkConnectionEnabled: false, pageLoadStrategy: normal, platform: WINDOWS, platformName: WINDOWS, proxy: Proxy(), setWindowRect: true, strictFileInteractability: false, timeouts: {implicit: 0, pageLoad: 300000, script: 30000}, unhandledPromptBehavior: dismiss and notify, webauthn:extension:credBlob: true, webauthn:extension:largeBlob: true, webauthn:virtualAuthenticators: true}
Session ID: 154ee45ee30abc74d479c68d3f45001f
*** Element info: {Using=class name, value=rd-cart-item shoppingcart-item} 
2021-10-16 18:46:09,339 INFO  [Log] goToCart() PASSED 
2021-10-16 18:46:31,664 INFO  [Log] comparePrice() PASSED 
2021-10-16 18:46:46,734 ERROR [Log] increaseQuantityOfSelectedProduct() FAILED because of no such element: Unable to locate element: {"method":"css selector","selector":".oq\-up\ plus"}
  (Session info: chrome=94.0.4606.81)
For documentation on this error, please visit: https://www.seleniumhq.org/exceptions/no_such_element.html
Build info: version: '3.141.59', revision: 'e82be7d358', time: '2018-11-14T08:17:03'
System info: host: 'LAPTOP-6005L3OQ', ip: '192.168.1.8', os.name: 'Windows 10', os.arch: 'amd64', os.version: '10.0', java.version: '11.0.6'
Driver info: org.openqa.selenium.chrome.ChromeDriver
Capabilities {acceptInsecureCerts: false, browserName: chrome, browserVersion: 94.0.4606.81, chrome: {chromedriverVersion: 94.0.4606.61 (418b78f5838ed..., userDataDir: C:\Users\Lenovo\AppData\Loc...}, goog:chromeOptions: {debuggerAddress: localhost:64009}, javascriptEnabled: true, networkConnectionEnabled: false, pageLoadStrategy: normal, platform: WINDOWS, platformName: WINDOWS, proxy: Proxy(), setWindowRect: true, strictFileInteractability: false, timeouts: {implicit: 0, pageLoad: 300000, script: 30000}, unhandledPromptBehavior: dismiss and notify, webauthn:extension:credBlob: true, webauthn:extension:largeBlob: true, webauthn:virtualAuthenticators: true}
Session ID: 154ee45ee30abc74d479c68d3f45001f
*** Element info: {Using=class name, value=oq-up plus} 
2021-10-16 18:46:46,875 ERROR [Log] removeProductFromCart() FAILED because of null 
2021-10-16 18:46:49,253 INFO  [Log] isCartOfUserEmpty() PASSED 
2021-10-16 18:53:59,093 INFO  [Log] home() PASSED 
2021-10-16 18:54:05,935 INFO  [Log] login() PASSED 
2021-10-16 18:54:09,553 INFO  [Log] searchProduct() PASSED 
2021-10-16 18:54:09,895 INFO  [Log] scrollToBottom() PASSED 
2021-10-16 18:54:12,964 INFO  [Log] seeMoreProducts() PASSED 
2021-10-16 18:54:16,932 INFO  [Log] selectProduct() PASSED 
2021-10-16 18:54:33,037 ERROR [Log] addProductToCart() FAILED because of no such element: Unable to locate element: {"method":"xpath","selector":"//*[@id='ShoppingCartContent']/div[1]/div[1]/div[2]/div[1]"}
  (Session info: chrome=94.0.4606.81)
For documentation on this error, please visit: https://www.seleniumhq.org/exceptions/no_such_element.html
Build info: version: '3.141.59', revision: 'e82be7d358', time: '2018-11-14T08:17:03'
System info: host: 'LAPTOP-6005L3OQ', ip: '192.168.1.8', os.name: 'Windows 10', os.arch: 'amd64', os.version: '10.0', java.version: '11.0.6'
Driver info: org.openqa.selenium.chrome.ChromeDriver
Capabilities {acceptInsecureCerts: false, browserName: chrome, browserVersion: 94.0.4606.81, chrome: {chromedriverVersion: 94.0.4606.61 (418b78f5838ed..., userDataDir: C:\Users\Lenovo\AppData\Loc...}, goog:chromeOptions: {debuggerAddress: localhost:52337}, javascriptEnabled: true, networkConnectionEnabled: false, pageLoadStrategy: normal, platform: WINDOWS, platformName: WINDOWS, proxy: Proxy(), setWindowRect: true, strictFileInteractability: false, timeouts: {implicit: 0, pageLoad: 300000, script: 30000}, unhandledPromptBehavior: dismiss and notify, webauthn:extension:credBlob: true, webauthn:extension:largeBlob: true, webauthn:virtualAuthenticators: true}
Session ID: 4544c79992d5f61e7cb5090b5e5c8a83
*** Element info: {Using=xpath, value=//*[@id='ShoppingCartContent']/div[1]/div[1]/div[2]/div[1]} 
2021-10-16 18:54:35,094 INFO  [Log] goToCart() PASSED 
2021-10-16 18:54:35,371 ERROR [Log] comparePrice() FAILED because of expected: <true> but was: <false> 
2021-10-16 18:54:50,531 ERROR [Log] increaseQuantityOfSelectedProduct() FAILED because of no such element: Unable to locate element: {"method":"css selector","selector":".oq\-up\ plus"}
  (Session info: chrome=94.0.4606.81)
For documentation on this error, please visit: https://www.seleniumhq.org/exceptions/no_such_element.html
Build info: version: '3.141.59', revision: 'e82be7d358', time: '2018-11-14T08:17:03'
System info: host: 'LAPTOP-6005L3OQ', ip: '192.168.1.8', os.name: 'Windows 10', os.arch: 'amd64', os.version: '10.0', java.version: '11.0.6'
Driver info: org.openqa.selenium.chrome.ChromeDriver
Capabilities {acceptInsecureCerts: false, browserName: chrome, browserVersion: 94.0.4606.81, chrome: {chromedriverVersion: 94.0.4606.61 (418b78f5838ed..., userDataDir: C:\Users\Lenovo\AppData\Loc...}, goog:chromeOptions: {debuggerAddress: localhost:52337}, javascriptEnabled: true, networkConnectionEnabled: false, pageLoadStrategy: normal, platform: WINDOWS, platformName: WINDOWS, proxy: Proxy(), setWindowRect: true, strictFileInteractability: false, timeouts: {implicit: 0, pageLoad: 300000, script: 30000}, unhandledPromptBehavior: dismiss and notify, webauthn:extension:credBlob: true, webauthn:extension:largeBlob: true, webauthn:virtualAuthenticators: true}
Session ID: 4544c79992d5f61e7cb5090b5e5c8a83
*** Element info: {Using=class name, value=oq-up plus} 
2021-10-16 18:54:50,670 ERROR [Log] removeProductFromCart() FAILED because of null 
2021-10-16 18:55:05,737 ERROR [Log] isCartOfUserEmpty() FAILED because of no such element: Unable to locate element: {"method":"css selector","selector":".cart\-empty\-title"}
  (Session info: chrome=94.0.4606.81)
For documentation on this error, please visit: https://www.seleniumhq.org/exceptions/no_such_element.html
Build info: version: '3.141.59', revision: 'e82be7d358', time: '2018-11-14T08:17:03'
System info: host: 'LAPTOP-6005L3OQ', ip: '192.168.1.8', os.name: 'Windows 10', os.arch: 'amd64', os.version: '10.0', java.version: '11.0.6'
Driver info: org.openqa.selenium.chrome.ChromeDriver
Capabilities {acceptInsecureCerts: false, browserName: chrome, browserVersion: 94.0.4606.81, chrome: {chromedriverVersion: 94.0.4606.61 (418b78f5838ed..., userDataDir: C:\Users\Lenovo\AppData\Loc...}, goog:chromeOptions: {debuggerAddress: localhost:52337}, javascriptEnabled: true, networkConnectionEnabled: false, pageLoadStrategy: normal, platform: WINDOWS, platformName: WINDOWS, proxy: Proxy(), setWindowRect: true, strictFileInteractability: false, timeouts: {implicit: 0, pageLoad: 300000, script: 30000}, unhandledPromptBehavior: dismiss and notify, webauthn:extension:credBlob: true, webauthn:extension:largeBlob: true, webauthn:virtualAuthenticators: true}
Session ID: 4544c79992d5f61e7cb5090b5e5c8a83
*** Element info: {Using=class name, value=cart-empty-title} 
2021-10-16 19:00:03,637 INFO  [Log] home() PASSED 
2021-10-16 19:00:10,417 INFO  [Log] login() PASSED 
2021-10-16 19:00:10,904 INFO  [Log] searchProduct() PASSED 
2021-10-16 19:00:11,154 INFO  [Log] scrollToBottom() PASSED 
2021-10-16 19:00:15,063 INFO  [Log] seeMoreProducts() PASSED 
2021-10-16 19:00:18,490 INFO  [Log] selectProduct() PASSED 
2021-10-16 19:00:22,965 INFO  [Log] addProductToCart() PASSED 
2021-10-16 19:00:24,534 INFO  [Log] goToCart() PASSED 
2021-10-16 19:00:24,768 ERROR [Log] comparePrice() FAILED because of expected: <true> but was: <false> 
2021-10-16 19:00:39,819 ERROR [Log] increaseQuantityOfSelectedProduct() FAILED because of no such element: Unable to locate element: {"method":"css selector","selector":".oq\-up\ plus"}
  (Session info: chrome=94.0.4606.81)
For documentation on this error, please visit: https://www.seleniumhq.org/exceptions/no_such_element.html
Build info: version: '3.141.59', revision: 'e82be7d358', time: '2018-11-14T08:17:03'
System info: host: 'LAPTOP-6005L3OQ', ip: '192.168.1.8', os.name: 'Windows 10', os.arch: 'amd64', os.version: '10.0', java.version: '11.0.6'
Driver info: org.openqa.selenium.chrome.ChromeDriver
Capabilities {acceptInsecureCerts: false, browserName: chrome, browserVersion: 94.0.4606.81, chrome: {chromedriverVersion: 94.0.4606.61 (418b78f5838ed..., userDataDir: C:\Users\Lenovo\AppData\Loc...}, goog:chromeOptions: {debuggerAddress: localhost:50990}, javascriptEnabled: true, networkConnectionEnabled: false, pageLoadStrategy: normal, platform: WINDOWS, platformName: WINDOWS, proxy: Proxy(), setWindowRect: true, strictFileInteractability: false, timeouts: {implicit: 0, pageLoad: 300000, script: 30000}, unhandledPromptBehavior: dismiss and notify, webauthn:extension:credBlob: true, webauthn:extension:largeBlob: true, webauthn:virtualAuthenticators: true}
Session ID: df354feee18fd0dd7f777742891156c9
*** Element info: {Using=class name, value=oq-up plus} 
2021-10-16 19:00:40,172 ERROR [Log] removeProductFromCart() FAILED because of null 
2021-10-16 19:00:40,400 INFO  [Log] isCartOfUserEmpty() PASSED 
2021-10-16 19:00:52,068 INFO  [Log] home() PASSED 
2021-10-16 19:00:58,358 INFO  [Log] login() PASSED 
2021-10-16 19:00:59,786 INFO  [Log] searchProduct() PASSED 
2021-10-16 19:00:59,833 INFO  [Log] scrollToBottom() PASSED 
2021-10-16 19:01:03,398 INFO  [Log] seeMoreProducts() PASSED 
2021-10-16 19:01:08,265 INFO  [Log] selectProduct() PASSED 
2021-10-16 19:01:11,356 INFO  [Log] addProductToCart() PASSED 
2021-10-16 19:01:13,087 INFO  [Log] goToCart() PASSED 
2021-10-16 19:01:13,308 INFO  [Log] comparePrice() PASSED 
2021-10-16 19:01:28,317 ERROR [Log] increaseQuantityOfSelectedProduct() FAILED because of no such element: Unable to locate element: {"method":"css selector","selector":".oq\-up\ plus"}
  (Session info: chrome=94.0.4606.81)
For documentation on this error, please visit: https://www.seleniumhq.org/exceptions/no_such_element.html
Build info: version: '3.141.59', revision: 'e82be7d358', time: '2018-11-14T08:17:03'
System info: host: 'LAPTOP-6005L3OQ', ip: '192.168.1.8', os.name: 'Windows 10', os.arch: 'amd64', os.version: '10.0', java.version: '11.0.6'
Driver info: org.openqa.selenium.chrome.ChromeDriver
Capabilities {acceptInsecureCerts: false, browserName: chrome, browserVersion: 94.0.4606.81, chrome: {chromedriverVersion: 94.0.4606.61 (418b78f5838ed..., userDataDir: C:\Users\Lenovo\AppData\Loc...}, goog:chromeOptions: {debuggerAddress: localhost:56709}, javascriptEnabled: true, networkConnectionEnabled: false, pageLoadStrategy: normal, platform: WINDOWS, platformName: WINDOWS, proxy: Proxy(), setWindowRect: true, strictFileInteractability: false, timeouts: {implicit: 0, pageLoad: 300000, script: 30000}, unhandledPromptBehavior: dismiss and notify, webauthn:extension:credBlob: true, webauthn:extension:largeBlob: true, webauthn:virtualAuthenticators: true}
Session ID: 8c96825d70630f7c709ad28fe1dacd8e
*** Element info: {Using=class name, value=oq-up plus} 
2021-10-16 19:01:28,481 ERROR [Log] removeProductFromCart() FAILED because of null 
2021-10-16 19:01:43,524 ERROR [Log] isCartOfUserEmpty() FAILED because of no such element: Unable to locate element: {"method":"css selector","selector":".cart\-empty\-title"}
  (Session info: chrome=94.0.4606.81)
For documentation on this error, please visit: https://www.seleniumhq.org/exceptions/no_such_element.html
Build info: version: '3.141.59', revision: 'e82be7d358', time: '2018-11-14T08:17:03'
System info: host: 'LAPTOP-6005L3OQ', ip: '192.168.1.8', os.name: 'Windows 10', os.arch: 'amd64', os.version: '10.0', java.version: '11.0.6'
Driver info: org.openqa.selenium.chrome.ChromeDriver
Capabilities {acceptInsecureCerts: false, browserName: chrome, browserVersion: 94.0.4606.81, chrome: {chromedriverVersion: 94.0.4606.61 (418b78f5838ed..., userDataDir: C:\Users\Lenovo\AppData\Loc...}, goog:chromeOptions: {debuggerAddress: localhost:56709}, javascriptEnabled: true, networkConnectionEnabled: false, pageLoadStrategy: normal, platform: WINDOWS, platformName: WINDOWS, proxy: Proxy(), setWindowRect: true, strictFileInteractability: false, timeouts: {implicit: 0, pageLoad: 300000, script: 30000}, unhandledPromptBehavior: dismiss and notify, webauthn:extension:credBlob: true, webauthn:extension:largeBlob: true, webauthn:virtualAuthenticators: true}
Session ID: 8c96825d70630f7c709ad28fe1dacd8e
*** Element info: {Using=class name, value=cart-empty-title} 
2021-10-16 19:08:23,851 INFO  [Log] home() PASSED 
2021-10-16 19:08:31,059 INFO  [Log] login() PASSED 
2021-10-16 19:08:35,264 INFO  [Log] searchProduct() PASSED 
2021-10-16 19:08:35,349 INFO  [Log] scrollToBottom() PASSED 
2021-10-16 19:08:37,523 INFO  [Log] seeMoreProducts() PASSED 
2021-10-16 19:08:42,210 INFO  [Log] selectProduct() PASSED 
2021-10-16 19:08:58,982 ERROR [Log] addProductToCart() FAILED because of timeout: Timed out receiving message from renderer: -0.005
  (Session info: chrome=94.0.4606.81)
Build info: version: '3.141.59', revision: 'e82be7d358', time: '2018-11-14T08:17:03'
System info: host: 'LAPTOP-6005L3OQ', ip: '192.168.1.8', os.name: 'Windows 10', os.arch: 'amd64', os.version: '10.0', java.version: '11.0.6'
Driver info: org.openqa.selenium.chrome.ChromeDriver
Capabilities {acceptInsecureCerts: false, browserName: chrome, browserVersion: 94.0.4606.81, chrome: {chromedriverVersion: 94.0.4606.61 (418b78f5838ed..., userDataDir: C:\Users\Lenovo\AppData\Loc...}, goog:chromeOptions: {debuggerAddress: localhost:57779}, javascriptEnabled: true, networkConnectionEnabled: false, pageLoadStrategy: normal, platform: WINDOWS, platformName: WINDOWS, proxy: Proxy(), setWindowRect: true, strictFileInteractability: false, timeouts: {implicit: 0, pageLoad: 300000, script: 30000}, unhandledPromptBehavior: dismiss and notify, webauthn:extension:credBlob: true, webauthn:extension:largeBlob: true, webauthn:virtualAuthenticators: true}
Session ID: 8ea1769f8fd7c1b00429f23782d8d6d7 
2021-10-16 19:09:14,011 ERROR [Log] goToCart() FAILED because of timeout: Timed out receiving message from renderer: 0.770
  (Session info: chrome=94.0.4606.81)
Build info: version: '3.141.59', revision: 'e82be7d358', time: '2018-11-14T08:17:03'
System info: host: 'LAPTOP-6005L3OQ', ip: '192.168.1.8', os.name: 'Windows 10', os.arch: 'amd64', os.version: '10.0', java.version: '11.0.6'
Driver info: org.openqa.selenium.chrome.ChromeDriver
Capabilities {acceptInsecureCerts: false, browserName: chrome, browserVersion: 94.0.4606.81, chrome: {chromedriverVersion: 94.0.4606.61 (418b78f5838ed..., userDataDir: C:\Users\Lenovo\AppData\Loc...}, goog:chromeOptions: {debuggerAddress: localhost:57779}, javascriptEnabled: true, networkConnectionEnabled: false, pageLoadStrategy: normal, platform: WINDOWS, platformName: WINDOWS, proxy: Proxy(), setWindowRect: true, strictFileInteractability: false, timeouts: {implicit: 0, pageLoad: 300000, script: 30000}, unhandledPromptBehavior: dismiss and notify, webauthn:extension:credBlob: true, webauthn:extension:largeBlob: true, webauthn:virtualAuthenticators: true}
Session ID: 8ea1769f8fd7c1b00429f23782d8d6d7 
2021-10-16 19:09:29,034 ERROR [Log] comparePrice() FAILED because of no such element: Unable to locate element: {"method":"xpath","selector":"//*[@id='ShoppingCartContent']/div[1]/div[2]/div[1]/div[5]/div/span[2]"}
  (Session info: chrome=94.0.4606.81)
For documentation on this error, please visit: https://www.seleniumhq.org/exceptions/no_such_element.html
Build info: version: '3.141.59', revision: 'e82be7d358', time: '2018-11-14T08:17:03'
System info: host: 'LAPTOP-6005L3OQ', ip: '192.168.1.8', os.name: 'Windows 10', os.arch: 'amd64', os.version: '10.0', java.version: '11.0.6'
Driver info: org.openqa.selenium.chrome.ChromeDriver
Capabilities {acceptInsecureCerts: false, browserName: chrome, browserVersion: 94.0.4606.81, chrome: {chromedriverVersion: 94.0.4606.61 (418b78f5838ed..., userDataDir: C:\Users\Lenovo\AppData\Loc...}, goog:chromeOptions: {debuggerAddress: localhost:57779}, javascriptEnabled: true, networkConnectionEnabled: false, pageLoadStrategy: normal, platform: WINDOWS, platformName: WINDOWS, proxy: Proxy(), setWindowRect: true, strictFileInteractability: false, timeouts: {implicit: 0, pageLoad: 300000, script: 30000}, unhandledPromptBehavior: dismiss and notify, webauthn:extension:credBlob: true, webauthn:extension:largeBlob: true, webauthn:virtualAuthenticators: true}
Session ID: 8ea1769f8fd7c1b00429f23782d8d6d7
*** Element info: {Using=xpath, value=//*[@id='ShoppingCartContent']/div[1]/div[2]/div[1]/div[5]/div/span[2]} 
2021-10-16 19:09:59,882 INFO  [Log] home() PASSED 
2021-10-16 19:10:05,897 INFO  [Log] login() PASSED 
2021-10-16 19:10:06,495 INFO  [Log] searchProduct() PASSED 
2021-10-16 19:10:06,571 INFO  [Log] scrollToBottom() PASSED 
2021-10-16 19:10:10,501 INFO  [Log] seeMoreProducts() PASSED 
2021-10-16 19:10:15,711 INFO  [Log] selectProduct() PASSED 
2021-10-16 19:10:18,887 INFO  [Log] addProductToCart() PASSED 
2021-10-16 19:10:20,551 INFO  [Log] goToCart() PASSED 
2021-10-16 19:10:20,761 ERROR [Log] comparePrice() FAILED because of expected: <true> but was: <false> 
2021-10-16 19:10:20,942 ERROR [Log] increaseQuantityOfSelectedProduct() FAILED because of expected: <true> but was: <false> 
2021-10-16 19:10:21,056 ERROR [Log] removeProductFromCart() FAILED because of null 
2021-10-16 19:10:36,136 ERROR [Log] isCartOfUserEmpty() FAILED because of no such element: Unable to locate element: {"method":"css selector","selector":".cart\-empty\-title"}
  (Session info: chrome=94.0.4606.81)
For documentation on this error, please visit: https://www.seleniumhq.org/exceptions/no_such_element.html
Build info: version: '3.141.59', revision: 'e82be7d358', time: '2018-11-14T08:17:03'
System info: host: 'LAPTOP-6005L3OQ', ip: '192.168.1.8', os.name: 'Windows 10', os.arch: 'amd64', os.version: '10.0', java.version: '11.0.6'
Driver info: org.openqa.selenium.chrome.ChromeDriver
Capabilities {acceptInsecureCerts: false, browserName: chrome, browserVersion: 94.0.4606.81, chrome: {chromedriverVersion: 94.0.4606.61 (418b78f5838ed..., userDataDir: C:\Users\Lenovo\AppData\Loc...}, goog:chromeOptions: {debuggerAddress: localhost:64928}, javascriptEnabled: true, networkConnectionEnabled: false, pageLoadStrategy: normal, platform: WINDOWS, platformName: WINDOWS, proxy: Proxy(), setWindowRect: true, strictFileInteractability: false, timeouts: {implicit: 0, pageLoad: 300000, script: 30000}, unhandledPromptBehavior: dismiss and notify, webauthn:extension:credBlob: true, webauthn:extension:largeBlob: true, webauthn:virtualAuthenticators: true}
Session ID: 93c5e2272fc0752f5132d147d1babe7b
*** Element info: {Using=class name, value=cart-empty-title} 
2021-10-16 19:17:34,039 INFO  [Log] home() PASSED 
2021-10-16 19:17:40,092 INFO  [Log] login() PASSED 
2021-10-16 19:17:40,511 INFO  [Log] searchProduct() PASSED 
2021-10-16 19:17:45,972 INFO  [Log] scrollToBottom() PASSED 
2021-10-16 19:17:48,884 INFO  [Log] seeMoreProducts() PASSED 
2021-10-16 19:17:56,012 INFO  [Log] selectProduct() PASSED 
2021-10-16 19:18:13,334 ERROR [Log] addProductToCart() FAILED because of no such element: Unable to locate element: {"method":"xpath","selector":"//*[@id='ShoppingCartContent']/div[1]/div[1]/div[2]/div[1]"}
  (Session info: chrome=94.0.4606.81)
For documentation on this error, please visit: https://www.seleniumhq.org/exceptions/no_such_element.html
Build info: version: '3.141.59', revision: 'e82be7d358', time: '2018-11-14T08:17:03'
System info: host: 'LAPTOP-6005L3OQ', ip: '192.168.1.8', os.name: 'Windows 10', os.arch: 'amd64', os.version: '10.0', java.version: '11.0.6'
Driver info: org.openqa.selenium.chrome.ChromeDriver
Capabilities {acceptInsecureCerts: false, browserName: chrome, browserVersion: 94.0.4606.81, chrome: {chromedriverVersion: 94.0.4606.61 (418b78f5838ed..., userDataDir: C:\Users\Lenovo\AppData\Loc...}, goog:chromeOptions: {debuggerAddress: localhost:49794}, javascriptEnabled: true, networkConnectionEnabled: false, pageLoadStrategy: normal, platform: WINDOWS, platformName: WINDOWS, proxy: Proxy(), setWindowRect: true, strictFileInteractability: false, timeouts: {implicit: 0, pageLoad: 300000, script: 30000}, unhandledPromptBehavior: dismiss and notify, webauthn:extension:credBlob: true, webauthn:extension:largeBlob: true, webauthn:virtualAuthenticators: true}
Session ID: 22e647accdc9f9b152db9baaa2efadb4
*** Element info: {Using=xpath, value=//*[@id='ShoppingCartContent']/div[1]/div[1]/div[2]/div[1]} 
2021-10-16 19:18:15,219 INFO  [Log] goToCart() PASSED 
2021-10-16 19:18:30,258 ERROR [Log] comparePrice() FAILED because of no such element: Unable to locate element: {"method":"xpath","selector":"//*[@id='ShoppingCartContent']/div[1]/div[2]/div[1]/div[5]/div/span[2]"}
  (Session info: chrome=94.0.4606.81)
For documentation on this error, please visit: https://www.seleniumhq.org/exceptions/no_such_element.html
Build info: version: '3.141.59', revision: 'e82be7d358', time: '2018-11-14T08:17:03'
System info: host: 'LAPTOP-6005L3OQ', ip: '192.168.1.8', os.name: 'Windows 10', os.arch: 'amd64', os.version: '10.0', java.version: '11.0.6'
Driver info: org.openqa.selenium.chrome.ChromeDriver
Capabilities {acceptInsecureCerts: false, browserName: chrome, browserVersion: 94.0.4606.81, chrome: {chromedriverVersion: 94.0.4606.61 (418b78f5838ed..., userDataDir: C:\Users\Lenovo\AppData\Loc...}, goog:chromeOptions: {debuggerAddress: localhost:49794}, javascriptEnabled: true, networkConnectionEnabled: false, pageLoadStrategy: normal, platform: WINDOWS, platformName: WINDOWS, proxy: Proxy(), setWindowRect: true, strictFileInteractability: false, timeouts: {implicit: 0, pageLoad: 300000, script: 30000}, unhandledPromptBehavior: dismiss and notify, webauthn:extension:credBlob: true, webauthn:extension:largeBlob: true, webauthn:virtualAuthenticators: true}
Session ID: 22e647accdc9f9b152db9baaa2efadb4
*** Element info: {Using=xpath, value=//*[@id='ShoppingCartContent']/div[1]/div[2]/div[1]/div[5]/div/span[2]} 
2021-10-16 19:18:48,087 INFO  [Log] home() PASSED 
2021-10-16 19:18:54,011 INFO  [Log] login() PASSED 
2021-10-16 19:18:54,463 INFO  [Log] searchProduct() PASSED 
2021-10-16 19:18:58,241 INFO  [Log] scrollToBottom() PASSED 
2021-10-16 19:19:13,402 ERROR [Log] seeMoreProducts() FAILED because of no such element: Unable to locate element: {"method":"css selector","selector":".lazy\-load\-current"}
  (Session info: chrome=94.0.4606.81)
For documentation on this error, please visit: https://www.seleniumhq.org/exceptions/no_such_element.html
Build info: version: '3.141.59', revision: 'e82be7d358', time: '2018-11-14T08:17:03'
System info: host: 'LAPTOP-6005L3OQ', ip: '192.168.1.8', os.name: 'Windows 10', os.arch: 'amd64', os.version: '10.0', java.version: '11.0.6'
Driver info: org.openqa.selenium.chrome.ChromeDriver
Capabilities {acceptInsecureCerts: false, browserName: chrome, browserVersion: 94.0.4606.81, chrome: {chromedriverVersion: 94.0.4606.61 (418b78f5838ed..., userDataDir: C:\Users\Lenovo\AppData\Loc...}, goog:chromeOptions: {debuggerAddress: localhost:53355}, javascriptEnabled: true, networkConnectionEnabled: false, pageLoadStrategy: normal, platform: WINDOWS, platformName: WINDOWS, proxy: Proxy(), setWindowRect: true, strictFileInteractability: false, timeouts: {implicit: 0, pageLoad: 300000, script: 30000}, unhandledPromptBehavior: dismiss and notify, webauthn:extension:credBlob: true, webauthn:extension:largeBlob: true, webauthn:virtualAuthenticators: true}
Session ID: 8daec769cd328dc8646a7cab215f278c
*** Element info: {Using=class name, value=lazy-load-current} 
2021-10-16 19:19:28,473 ERROR [Log] selectProduct() FAILED because of bound must be positive 
2021-10-16 19:19:32,585 ERROR [Log] addProductToCart() FAILED because of Cannot locate an element using xpath=//*[@id='option-size']
For documentation on this error, please visit: https://www.seleniumhq.org/exceptions/no_such_element.html
Build info: version: '3.141.59', revision: 'e82be7d358', time: '2018-11-14T08:17:03'
System info: host: 'LAPTOP-6005L3OQ', ip: '192.168.1.8', os.name: 'Windows 10', os.arch: 'amd64', os.version: '10.0', java.version: '11.0.6'
Driver info: driver.version: RemoteWebDriver 
2021-10-16 19:19:32,602 ERROR [Log] goToCart() FAILED because of no such window: target window already closed
from unknown error: web view not found
  (Session info: chrome=94.0.4606.81)
Build info: version: '3.141.59', revision: 'e82be7d358', time: '2018-11-14T08:17:03'
System info: host: 'LAPTOP-6005L3OQ', ip: '192.168.1.8', os.name: 'Windows 10', os.arch: 'amd64', os.version: '10.0', java.version: '11.0.6'
Driver info: org.openqa.selenium.chrome.ChromeDriver
Capabilities {acceptInsecureCerts: false, browserName: chrome, browserVersion: 94.0.4606.81, chrome: {chromedriverVersion: 94.0.4606.61 (418b78f5838ed..., userDataDir: C:\Users\Lenovo\AppData\Loc...}, goog:chromeOptions: {debuggerAddress: localhost:53355}, javascriptEnabled: true, networkConnectionEnabled: false, pageLoadStrategy: normal, platform: WINDOWS, platformName: WINDOWS, proxy: Proxy(), setWindowRect: true, strictFileInteractability: false, timeouts: {implicit: 0, pageLoad: 300000, script: 30000}, unhandledPromptBehavior: dismiss and notify, webauthn:extension:credBlob: true, webauthn:extension:largeBlob: true, webauthn:virtualAuthenticators: true}
Session ID: 8daec769cd328dc8646a7cab215f278c 
2021-10-16 19:19:32,632 ERROR [Log] comparePrice() FAILED because of no such window: target window already closed
from unknown error: web view not found
  (Session info: chrome=94.0.4606.81)
Build info: version: '3.141.59', revision: 'e82be7d358', time: '2018-11-14T08:17:03'
System info: host: 'LAPTOP-6005L3OQ', ip: '192.168.1.8', os.name: 'Windows 10', os.arch: 'amd64', os.version: '10.0', java.version: '11.0.6'
Driver info: org.openqa.selenium.chrome.ChromeDriver
Capabilities {acceptInsecureCerts: false, browserName: chrome, browserVersion: 94.0.4606.81, chrome: {chromedriverVersion: 94.0.4606.61 (418b78f5838ed..., userDataDir: C:\Users\Lenovo\AppData\Loc...}, goog:chromeOptions: {debuggerAddress: localhost:53355}, javascriptEnabled: true, networkConnectionEnabled: false, pageLoadStrategy: normal, platform: WINDOWS, platformName: WINDOWS, proxy: Proxy(), setWindowRect: true, strictFileInteractability: false, timeouts: {implicit: 0, pageLoad: 300000, script: 30000}, unhandledPromptBehavior: dismiss and notify, webauthn:extension:credBlob: true, webauthn:extension:largeBlob: true, webauthn:virtualAuthenticators: true}
Session ID: 8daec769cd328dc8646a7cab215f278c
*** Element info: {Using=xpath, value=//*[@id='ShoppingCartContent']/div[1]/div[2]/div[1]/div[5]/div/span[2]} 
2021-10-16 19:19:32,648 ERROR [Log] increaseQuantityOfSelectedProduct() FAILED because of no such window: target window already closed
from unknown error: web view not found
  (Session info: chrome=94.0.4606.81)
Build info: version: '3.141.59', revision: 'e82be7d358', time: '2018-11-14T08:17:03'
System info: host: 'LAPTOP-6005L3OQ', ip: '192.168.1.8', os.name: 'Windows 10', os.arch: 'amd64', os.version: '10.0', java.version: '11.0.6'
Driver info: org.openqa.selenium.chrome.ChromeDriver
Capabilities {acceptInsecureCerts: false, browserName: chrome, browserVersion: 94.0.4606.81, chrome: {chromedriverVersion: 94.0.4606.61 (418b78f5838ed..., userDataDir: C:\Users\Lenovo\AppData\Loc...}, goog:chromeOptions: {debuggerAddress: localhost:53355}, javascriptEnabled: true, networkConnectionEnabled: false, pageLoadStrategy: normal, platform: WINDOWS, platformName: WINDOWS, proxy: Proxy(), setWindowRect: true, strictFileInteractability: false, timeouts: {implicit: 0, pageLoad: 300000, script: 30000}, unhandledPromptBehavior: dismiss and notify, webauthn:extension:credBlob: true, webauthn:extension:largeBlob: true, webauthn:virtualAuthenticators: true}
Session ID: 8daec769cd328dc8646a7cab215f278c
*** Element info: {Using=xpath, value=/html/body/div[3]/div[3]/div[2]/div[1]/div[1]/div[2]/div[1]/div[1]/div[1]/div/div[1]/div/a[2]} 
2021-10-16 19:19:32,728 ERROR [Log] removeProductFromCart() FAILED because of no such window: target window already closed
from unknown error: web view not found
  (Session info: chrome=94.0.4606.81)
Build info: version: '3.141.59', revision: 'e82be7d358', time: '2018-11-14T08:17:03'
System info: host: 'LAPTOP-6005L3OQ', ip: '192.168.1.8', os.name: 'Windows 10', os.arch: 'amd64', os.version: '10.0', java.version: '11.0.6'
Driver info: org.openqa.selenium.chrome.ChromeDriver
Capabilities {acceptInsecureCerts: false, browserName: chrome, browserVersion: 94.0.4606.81, chrome: {chromedriverVersion: 94.0.4606.61 (418b78f5838ed..., userDataDir: C:\Users\Lenovo\AppData\Loc...}, goog:chromeOptions: {debuggerAddress: localhost:53355}, javascriptEnabled: true, networkConnectionEnabled: false, pageLoadStrategy: normal, platform: WINDOWS, platformName: WINDOWS, proxy: Proxy(), setWindowRect: true, strictFileInteractability: false, timeouts: {implicit: 0, pageLoad: 300000, script: 30000}, unhandledPromptBehavior: dismiss and notify, webauthn:extension:credBlob: true, webauthn:extension:largeBlob: true, webauthn:virtualAuthenticators: true}
Session ID: 8daec769cd328dc8646a7cab215f278c
*** Element info: {Using=class name, value=cart-square-link} 
2021-10-16 19:19:32,751 ERROR [Log] isCartOfUserEmpty() FAILED because of no such window: target window already closed
from unknown error: web view not found
  (Session info: chrome=94.0.4606.81)
Build info: version: '3.141.59', revision: 'e82be7d358', time: '2018-11-14T08:17:03'
System info: host: 'LAPTOP-6005L3OQ', ip: '192.168.1.8', os.name: 'Windows 10', os.arch: 'amd64', os.version: '10.0', java.version: '11.0.6'
Driver info: org.openqa.selenium.chrome.ChromeDriver
Capabilities {acceptInsecureCerts: false, browserName: chrome, browserVersion: 94.0.4606.81, chrome: {chromedriverVersion: 94.0.4606.61 (418b78f5838ed..., userDataDir: C:\Users\Lenovo\AppData\Loc...}, goog:chromeOptions: {debuggerAddress: localhost:53355}, javascriptEnabled: true, networkConnectionEnabled: false, pageLoadStrategy: normal, platform: WINDOWS, platformName: WINDOWS, proxy: Proxy(), setWindowRect: true, strictFileInteractability: false, timeouts: {implicit: 0, pageLoad: 300000, script: 30000}, unhandledPromptBehavior: dismiss and notify, webauthn:extension:credBlob: true, webauthn:extension:largeBlob: true, webauthn:virtualAuthenticators: true}
Session ID: 8daec769cd328dc8646a7cab215f278c
*** Element info: {Using=class name, value=cart-empty-title} 
2021-10-16 19:19:44,996 INFO  [Log] home() PASSED 
2021-10-16 19:19:51,957 INFO  [Log] login() PASSED 
2021-10-16 19:19:56,099 INFO  [Log] searchProduct() PASSED 
2021-10-16 19:19:56,401 INFO  [Log] scrollToBottom() PASSED 
2021-10-16 19:19:58,780 INFO  [Log] seeMoreProducts() PASSED 
2021-10-16 19:20:02,978 INFO  [Log] selectProduct() PASSED 
2021-10-16 19:20:06,333 INFO  [Log] addProductToCart() PASSED 
2021-10-16 19:20:08,068 INFO  [Log] goToCart() PASSED 
2021-10-16 19:20:08,284 INFO  [Log] comparePrice() PASSED 
2021-10-16 19:20:08,494 INFO  [Log] increaseQuantityOfSelectedProduct() PASSED 
2021-10-16 19:20:08,614 ERROR [Log] removeProductFromCart() FAILED because of null 
2021-10-16 19:20:23,645 ERROR [Log] isCartOfUserEmpty() FAILED because of no such element: Unable to locate element: {"method":"css selector","selector":".cart\-empty\-title"}
  (Session info: chrome=94.0.4606.81)
For documentation on this error, please visit: https://www.seleniumhq.org/exceptions/no_such_element.html
Build info: version: '3.141.59', revision: 'e82be7d358', time: '2018-11-14T08:17:03'
System info: host: 'LAPTOP-6005L3OQ', ip: '192.168.1.8', os.name: 'Windows 10', os.arch: 'amd64', os.version: '10.0', java.version: '11.0.6'
Driver info: org.openqa.selenium.chrome.ChromeDriver
Capabilities {acceptInsecureCerts: false, browserName: chrome, browserVersion: 94.0.4606.81, chrome: {chromedriverVersion: 94.0.4606.61 (418b78f5838ed..., userDataDir: C:\Users\Lenovo\AppData\Loc...}, goog:chromeOptions: {debuggerAddress: localhost:49414}, javascriptEnabled: true, networkConnectionEnabled: false, pageLoadStrategy: normal, platform: WINDOWS, platformName: WINDOWS, proxy: Proxy(), setWindowRect: true, strictFileInteractability: false, timeouts: {implicit: 0, pageLoad: 300000, script: 30000}, unhandledPromptBehavior: dismiss and notify, webauthn:extension:credBlob: true, webauthn:extension:largeBlob: true, webauthn:virtualAuthenticators: true}
Session ID: 3d98be7a656ce2319bb4c94de085cdb8
*** Element info: {Using=class name, value=cart-empty-title} 
2021-10-16 19:27:46,169 INFO  [Log] home() PASSED 
2021-10-16 19:27:53,592 INFO  [Log] login() PASSED 
2021-10-16 19:27:57,886 INFO  [Log] searchProduct() PASSED 
2021-10-16 19:27:58,178 INFO  [Log] scrollToBottom() PASSED 
2021-10-16 19:28:01,354 INFO  [Log] seeMoreProducts() PASSED 
2021-10-16 19:28:05,845 INFO  [Log] selectProduct() PASSED 
2021-10-16 19:28:09,834 INFO  [Log] addProductToCart() PASSED 
2021-10-16 19:28:11,868 INFO  [Log] goToCart() PASSED 
2021-10-16 19:28:12,108 ERROR [Log] comparePrice() FAILED because of expected: <true> but was: <false> 
2021-10-16 19:28:12,325 INFO  [Log] increaseQuantityOfSelectedProduct() PASSED 
2021-10-16 19:28:12,752 ERROR [Log] removeProductFromCart() FAILED because of stale element reference: element is not attached to the page document
  (Session info: chrome=94.0.4606.81)
For documentation on this error, please visit: https://www.seleniumhq.org/exceptions/stale_element_reference.html
Build info: version: '3.141.59', revision: 'e82be7d358', time: '2018-11-14T08:17:03'
System info: host: 'LAPTOP-6005L3OQ', ip: '192.168.1.8', os.name: 'Windows 10', os.arch: 'amd64', os.version: '10.0', java.version: '11.0.6'
Driver info: org.openqa.selenium.chrome.ChromeDriver
Capabilities {acceptInsecureCerts: false, browserName: chrome, browserVersion: 94.0.4606.81, chrome: {chromedriverVersion: 94.0.4606.61 (418b78f5838ed..., userDataDir: C:\Users\Lenovo\AppData\Loc...}, goog:chromeOptions: {debuggerAddress: localhost:61790}, javascriptEnabled: true, networkConnectionEnabled: false, pageLoadStrategy: normal, platform: WINDOWS, platformName: WINDOWS, proxy: Proxy(), setWindowRect: true, strictFileInteractability: false, timeouts: {implicit: 0, pageLoad: 300000, script: 30000}, unhandledPromptBehavior: dismiss and notify, webauthn:extension:credBlob: true, webauthn:extension:largeBlob: true, webauthn:virtualAuthenticators: true}
Session ID: b1f427c0e1f71e0b719414989c254f11 
2021-10-16 19:28:27,779 ERROR [Log] isCartOfUserEmpty() FAILED because of no such element: Unable to locate element: {"method":"css selector","selector":".cart\-empty\-title"}
  (Session info: chrome=94.0.4606.81)
For documentation on this error, please visit: https://www.seleniumhq.org/exceptions/no_such_element.html
Build info: version: '3.141.59', revision: 'e82be7d358', time: '2018-11-14T08:17:03'
System info: host: 'LAPTOP-6005L3OQ', ip: '192.168.1.8', os.name: 'Windows 10', os.arch: 'amd64', os.version: '10.0', java.version: '11.0.6'
Driver info: org.openqa.selenium.chrome.ChromeDriver
Capabilities {acceptInsecureCerts: false, browserName: chrome, browserVersion: 94.0.4606.81, chrome: {chromedriverVersion: 94.0.4606.61 (418b78f5838ed..., userDataDir: C:\Users\Lenovo\AppData\Loc...}, goog:chromeOptions: {debuggerAddress: localhost:61790}, javascriptEnabled: true, networkConnectionEnabled: false, pageLoadStrategy: normal, platform: WINDOWS, platformName: WINDOWS, proxy: Proxy(), setWindowRect: true, strictFileInteractability: false, timeouts: {implicit: 0, pageLoad: 300000, script: 30000}, unhandledPromptBehavior: dismiss and notify, webauthn:extension:credBlob: true, webauthn:extension:largeBlob: true, webauthn:virtualAuthenticators: true}
Session ID: b1f427c0e1f71e0b719414989c254f11
*** Element info: {Using=class name, value=cart-empty-title} 
2021-10-16 19:32:06,433 INFO  [Log] home() PASSED 
2021-10-16 19:32:13,597 INFO  [Log] login() PASSED 
2021-10-16 19:32:14,093 INFO  [Log] searchProduct() PASSED 
2021-10-16 19:32:16,281 INFO  [Log] scrollToBottom() PASSED 
2021-10-16 19:32:18,717 INFO  [Log] seeMoreProducts() PASSED 
2021-10-16 19:32:32,051 ERROR [Log] selectProduct() FAILED because of no such element: Unable to locate element: {"method":"xpath","selector":"//*[@id='rightInfoBar']/div[1]/div/div[2]/div/div/div/span[2]"}
  (Session info: chrome=94.0.4606.81)
For documentation on this error, please visit: https://www.seleniumhq.org/exceptions/no_such_element.html
Build info: version: '3.141.59', revision: 'e82be7d358', time: '2018-11-14T08:17:03'
System info: host: 'LAPTOP-6005L3OQ', ip: '192.168.1.8', os.name: 'Windows 10', os.arch: 'amd64', os.version: '10.0', java.version: '11.0.6'
Driver info: org.openqa.selenium.chrome.ChromeDriver
Capabilities {acceptInsecureCerts: false, browserName: chrome, browserVersion: 94.0.4606.81, chrome: {chromedriverVersion: 94.0.4606.61 (418b78f5838ed..., userDataDir: C:\Users\Lenovo\AppData\Loc...}, goog:chromeOptions: {debuggerAddress: localhost:55107}, javascriptEnabled: true, networkConnectionEnabled: false, pageLoadStrategy: normal, platform: WINDOWS, platformName: WINDOWS, proxy: Proxy(), setWindowRect: true, strictFileInteractability: false, timeouts: {implicit: 0, pageLoad: 300000, script: 30000}, unhandledPromptBehavior: dismiss and notify, webauthn:extension:credBlob: true, webauthn:extension:largeBlob: true, webauthn:virtualAuthenticators: true}
Session ID: 0f6ccb6eb9c5340e672d204bffe0faf4
*** Element info: {Using=xpath, value=//*[@id='rightInfoBar']/div[1]/div/div[2]/div/div/div/span[2]} 
2021-10-16 19:33:05,411 INFO  [Log] home() PASSED 
2021-10-16 19:33:12,150 INFO  [Log] login() PASSED 
2021-10-16 19:33:12,888 INFO  [Log] searchProduct() PASSED 
2021-10-16 19:33:12,937 INFO  [Log] scrollToBottom() PASSED 
2021-10-16 19:33:16,843 INFO  [Log] seeMoreProducts() PASSED 
2021-10-16 19:33:20,690 INFO  [Log] selectProduct() PASSED 
2021-10-16 19:33:24,845 INFO  [Log] addProductToCart() PASSED 
2021-10-16 19:33:26,999 INFO  [Log] goToCart() PASSED 
2021-10-16 19:33:27,246 INFO  [Log] comparePrice() PASSED 
2021-10-16 19:33:27,465 INFO  [Log] increaseQuantityOfSelectedProduct() PASSED 
2021-10-16 19:33:37,630 ERROR [Log] removeProductFromCart() FAILED because of no such element: Unable to locate element: {"method":"xpath","selector":"/html/body/div[3]/div[3]/div[2]/div[1]/div[1]/div[2]/div[4]/div/div/div[3]/div/div/a[1]"}
  (Session info: chrome=94.0.4606.81)
For documentation on this error, please visit: https://www.seleniumhq.org/exceptions/no_such_element.html
Build info: version: '3.141.59', revision: 'e82be7d358', time: '2018-11-14T08:17:03'
System info: host: 'LAPTOP-6005L3OQ', ip: '192.168.1.8', os.name: 'Windows 10', os.arch: 'amd64', os.version: '10.0', java.version: '11.0.6'
Driver info: org.openqa.selenium.chrome.ChromeDriver
Capabilities {acceptInsecureCerts: false, browserName: chrome, browserVersion: 94.0.4606.81, chrome: {chromedriverVersion: 94.0.4606.61 (418b78f5838ed..., userDataDir: C:\Users\Lenovo\AppData\Loc...}, goog:chromeOptions: {debuggerAddress: localhost:61245}, javascriptEnabled: true, networkConnectionEnabled: false, pageLoadStrategy: normal, platform: WINDOWS, platformName: WINDOWS, proxy: Proxy(), setWindowRect: true, strictFileInteractability: false, timeouts: {implicit: 0, pageLoad: 300000, script: 30000}, unhandledPromptBehavior: dismiss and notify, webauthn:extension:credBlob: true, webauthn:extension:largeBlob: true, webauthn:virtualAuthenticators: true}
Session ID: f75bd4f20c7592e1cfafbefd97e6680a
*** Element info: {Using=xpath, value=/html/body/div[3]/div[3]/div[2]/div[1]/div[1]/div[2]/div[4]/div/div/div[3]/div/div/a[1]} 
2021-10-16 19:33:47,656 ERROR [Log] isCartOfUserEmpty() FAILED because of no such element: Unable to locate element: {"method":"css selector","selector":".cart\-empty\-title"}
  (Session info: chrome=94.0.4606.81)
For documentation on this error, please visit: https://www.seleniumhq.org/exceptions/no_such_element.html
Build info: version: '3.141.59', revision: 'e82be7d358', time: '2018-11-14T08:17:03'
System info: host: 'LAPTOP-6005L3OQ', ip: '192.168.1.8', os.name: 'Windows 10', os.arch: 'amd64', os.version: '10.0', java.version: '11.0.6'
Driver info: org.openqa.selenium.chrome.ChromeDriver
Capabilities {acceptInsecureCerts: false, browserName: chrome, browserVersion: 94.0.4606.81, chrome: {chromedriverVersion: 94.0.4606.61 (418b78f5838ed..., userDataDir: C:\Users\Lenovo\AppData\Loc...}, goog:chromeOptions: {debuggerAddress: localhost:61245}, javascriptEnabled: true, networkConnectionEnabled: false, pageLoadStrategy: normal, platform: WINDOWS, platformName: WINDOWS, proxy: Proxy(), setWindowRect: true, strictFileInteractability: false, timeouts: {implicit: 0, pageLoad: 300000, script: 30000}, unhandledPromptBehavior: dismiss and notify, webauthn:extension:credBlob: true, webauthn:extension:largeBlob: true, webauthn:virtualAuthenticators: true}
Session ID: f75bd4f20c7592e1cfafbefd97e6680a
*** Element info: {Using=class name, value=cart-empty-title} 
2021-10-16 19:39:16,772 INFO  [Log] home() PASSED 
2021-10-16 19:39:25,290 INFO  [Log] login() PASSED 
2021-10-16 19:39:25,749 INFO  [Log] searchProduct() PASSED 
2021-10-16 19:39:31,351 INFO  [Log] scrollToBottom() PASSED 
2021-10-16 19:39:33,646 INFO  [Log] seeMoreProducts() PASSED 
2021-10-16 19:39:38,333 INFO  [Log] selectProduct() PASSED 
2021-10-16 19:39:43,329 INFO  [Log] addProductToCart() PASSED 
2021-10-16 19:39:46,032 INFO  [Log] goToCart() PASSED 
2021-10-16 19:39:46,387 ERROR [Log] comparePrice() FAILED because of expected: <true> but was: <false> 
2021-10-16 19:39:46,589 INFO  [Log] increaseQuantityOfSelectedProduct() PASSED 
2021-10-16 19:39:46,739 ERROR [Log] removeProductFromCart() FAILED because of no such alert
  (Session info: chrome=94.0.4606.81)
Build info: version: '3.141.59', revision: 'e82be7d358', time: '2018-11-14T08:17:03'
System info: host: 'LAPTOP-6005L3OQ', ip: '192.168.1.8', os.name: 'Windows 10', os.arch: 'amd64', os.version: '10.0', java.version: '11.0.6'
Driver info: org.openqa.selenium.chrome.ChromeDriver
Capabilities {acceptInsecureCerts: false, browserName: chrome, browserVersion: 94.0.4606.81, chrome: {chromedriverVersion: 94.0.4606.61 (418b78f5838ed..., userDataDir: C:\Users\Lenovo\AppData\Loc...}, goog:chromeOptions: {debuggerAddress: localhost:59400}, javascriptEnabled: true, networkConnectionEnabled: false, pageLoadStrategy: normal, platform: WINDOWS, platformName: WINDOWS, proxy: Proxy(), setWindowRect: true, strictFileInteractability: false, timeouts: {implicit: 0, pageLoad: 300000, script: 30000}, unhandledPromptBehavior: dismiss and notify, webauthn:extension:credBlob: true, webauthn:extension:largeBlob: true, webauthn:virtualAuthenticators: true}
Session ID: 178879bae95eb196ff8b40a73eb1f4c0 
2021-10-16 19:43:18,695 INFO  [Log] home() PASSED 
2021-10-16 19:43:25,506 INFO  [Log] login() PASSED 
2021-10-16 19:43:26,031 INFO  [Log] searchProduct() PASSED 
2021-10-16 19:43:26,345 INFO  [Log] scrollToBottom() PASSED 
2021-10-16 19:43:30,061 INFO  [Log] seeMoreProducts() PASSED 
2021-10-16 19:43:34,733 INFO  [Log] selectProduct() PASSED 
2021-10-16 19:43:38,721 INFO  [Log] addProductToCart() PASSED 
2021-10-16 19:43:41,767 INFO  [Log] goToCart() PASSED 
2021-10-16 19:43:42,031 INFO  [Log] comparePrice() PASSED 
2021-10-16 19:43:42,236 INFO  [Log] increaseQuantityOfSelectedProduct() PASSED 
2021-10-16 19:43:52,414 ERROR [Log] removeProductFromCart() FAILED because of no such element: Unable to locate element: {"method":"css selector","selector":".inverted\-modal\-button\ sc\-delete\ ins\-init\-condition\-tracking"}
  (Session info: chrome=94.0.4606.81)
For documentation on this error, please visit: https://www.seleniumhq.org/exceptions/no_such_element.html
Build info: version: '3.141.59', revision: 'e82be7d358', time: '2018-11-14T08:17:03'
System info: host: 'LAPTOP-6005L3OQ', ip: '192.168.1.8', os.name: 'Windows 10', os.arch: 'amd64', os.version: '10.0', java.version: '11.0.6'
Driver info: org.openqa.selenium.chrome.ChromeDriver
Capabilities {acceptInsecureCerts: false, browserName: chrome, browserVersion: 94.0.4606.81, chrome: {chromedriverVersion: 94.0.4606.61 (418b78f5838ed..., userDataDir: C:\Users\Lenovo\AppData\Loc...}, goog:chromeOptions: {debuggerAddress: localhost:61493}, javascriptEnabled: true, networkConnectionEnabled: false, pageLoadStrategy: normal, platform: WINDOWS, platformName: WINDOWS, proxy: Proxy(), setWindowRect: true, strictFileInteractability: false, timeouts: {implicit: 0, pageLoad: 300000, script: 30000}, unhandledPromptBehavior: dismiss and notify, webauthn:extension:credBlob: true, webauthn:extension:largeBlob: true, webauthn:virtualAuthenticators: true}
Session ID: cfbb78f369bc0b7a0e6e9504cb5f5566
*** Element info: {Using=class name, value=inverted-modal-button sc-delete ins-init-condition-tracking} 
2021-10-16 19:44:02,430 ERROR [Log] isCartOfUserEmpty() FAILED because of no such element: Unable to locate element: {"method":"css selector","selector":".cart\-empty\-title"}
  (Session info: chrome=94.0.4606.81)
For documentation on this error, please visit: https://www.seleniumhq.org/exceptions/no_such_element.html
Build info: version: '3.141.59', revision: 'e82be7d358', time: '2018-11-14T08:17:03'
System info: host: 'LAPTOP-6005L3OQ', ip: '192.168.1.8', os.name: 'Windows 10', os.arch: 'amd64', os.version: '10.0', java.version: '11.0.6'
Driver info: org.openqa.selenium.chrome.ChromeDriver
Capabilities {acceptInsecureCerts: false, browserName: chrome, browserVersion: 94.0.4606.81, chrome: {chromedriverVersion: 94.0.4606.61 (418b78f5838ed..., userDataDir: C:\Users\Lenovo\AppData\Loc...}, goog:chromeOptions: {debuggerAddress: localhost:61493}, javascriptEnabled: true, networkConnectionEnabled: false, pageLoadStrategy: normal, platform: WINDOWS, platformName: WINDOWS, proxy: Proxy(), setWindowRect: true, strictFileInteractability: false, timeouts: {implicit: 0, pageLoad: 300000, script: 30000}, unhandledPromptBehavior: dismiss and notify, webauthn:extension:credBlob: true, webauthn:extension:largeBlob: true, webauthn:virtualAuthenticators: true}
Session ID: cfbb78f369bc0b7a0e6e9504cb5f5566
*** Element info: {Using=class name, value=cart-empty-title} 
2021-10-16 19:45:49,263 INFO  [Log] home() PASSED 
2021-10-16 19:45:56,120 INFO  [Log] login() PASSED 
2021-10-16 19:45:56,914 INFO  [Log] searchProduct() PASSED 
2021-10-16 19:45:56,965 INFO  [Log] scrollToBottom() PASSED 
2021-10-16 19:46:00,583 INFO  [Log] seeMoreProducts() PASSED 
2021-10-16 19:46:05,390 INFO  [Log] selectProduct() PASSED 
2021-10-16 19:46:08,986 INFO  [Log] addProductToCart() PASSED 
2021-10-16 19:46:11,537 INFO  [Log] goToCart() PASSED 
2021-10-16 19:46:11,591 INFO  [Log] comparePrice() PASSED 
2021-10-16 19:46:12,099 INFO  [Log] increaseQuantityOfSelectedProduct() PASSED 
2021-10-16 19:46:12,203 ERROR [Log] removeProductFromCart() FAILED because of null 
2021-10-16 19:46:27,233 ERROR [Log] isCartOfUserEmpty() FAILED because of no such element: Unable to locate element: {"method":"css selector","selector":".cart\-empty\-title"}
  (Session info: chrome=94.0.4606.81)
For documentation on this error, please visit: https://www.seleniumhq.org/exceptions/no_such_element.html
Build info: version: '3.141.59', revision: 'e82be7d358', time: '2018-11-14T08:17:03'
System info: host: 'LAPTOP-6005L3OQ', ip: '192.168.1.8', os.name: 'Windows 10', os.arch: 'amd64', os.version: '10.0', java.version: '11.0.6'
Driver info: org.openqa.selenium.chrome.ChromeDriver
Capabilities {acceptInsecureCerts: false, browserName: chrome, browserVersion: 94.0.4606.81, chrome: {chromedriverVersion: 94.0.4606.61 (418b78f5838ed..., userDataDir: C:\Users\Lenovo\AppData\Loc...}, goog:chromeOptions: {debuggerAddress: localhost:56526}, javascriptEnabled: true, networkConnectionEnabled: false, pageLoadStrategy: normal, platform: WINDOWS, platformName: WINDOWS, proxy: Proxy(), setWindowRect: true, strictFileInteractability: false, timeouts: {implicit: 0, pageLoad: 300000, script: 30000}, unhandledPromptBehavior: dismiss and notify, webauthn:extension:credBlob: true, webauthn:extension:largeBlob: true, webauthn:virtualAuthenticators: true}
Session ID: e78e822f60445eb6eed76ebbbf8dd523
*** Element info: {Using=class name, value=cart-empty-title} 
2021-10-16 19:50:53,538 INFO  [Log] home() PASSED 
2021-10-16 19:50:59,912 INFO  [Log] login() PASSED 
2021-10-16 19:51:00,479 INFO  [Log] searchProduct() PASSED 
2021-10-16 19:51:03,148 INFO  [Log] scrollToBottom() PASSED 
2021-10-16 19:51:04,141 INFO  [Log] seeMoreProducts() PASSED 
2021-10-16 19:51:08,416 INFO  [Log] selectProduct() PASSED 
2021-10-16 19:51:12,960 INFO  [Log] addProductToCart() PASSED 
2021-10-16 19:51:15,668 INFO  [Log] goToCart() PASSED 
2021-10-16 19:51:15,726 ERROR [Log] comparePrice() FAILED because of expected: <true> but was: <false> 
2021-10-16 19:51:16,111 INFO  [Log] increaseQuantityOfSelectedProduct() PASSED 
2021-10-16 19:51:46,852 ERROR [Log] removeProductFromCart() FAILED because of Expected condition failed: waiting for visibility of element located by By.className: inverted-modal-button sc-delete ins-init-condition-tracking (tried for 30 second(s) with 500 milliseconds interval) 
2021-10-16 19:52:01,920 ERROR [Log] isCartOfUserEmpty() FAILED because of no such element: Unable to locate element: {"method":"css selector","selector":".cart\-empty\-title"}
  (Session info: chrome=94.0.4606.81)
For documentation on this error, please visit: https://www.seleniumhq.org/exceptions/no_such_element.html
Build info: version: '3.141.59', revision: 'e82be7d358', time: '2018-11-14T08:17:03'
System info: host: 'LAPTOP-6005L3OQ', ip: '192.168.1.8', os.name: 'Windows 10', os.arch: 'amd64', os.version: '10.0', java.version: '11.0.6'
Driver info: org.openqa.selenium.chrome.ChromeDriver
Capabilities {acceptInsecureCerts: false, browserName: chrome, browserVersion: 94.0.4606.81, chrome: {chromedriverVersion: 94.0.4606.61 (418b78f5838ed..., userDataDir: C:\Users\Lenovo\AppData\Loc...}, goog:chromeOptions: {debuggerAddress: localhost:49304}, javascriptEnabled: true, networkConnectionEnabled: false, pageLoadStrategy: normal, platform: WINDOWS, platformName: WINDOWS, proxy: Proxy(), setWindowRect: true, strictFileInteractability: false, timeouts: {implicit: 0, pageLoad: 300000, script: 30000}, unhandledPromptBehavior: dismiss and notify, webauthn:extension:credBlob: true, webauthn:extension:largeBlob: true, webauthn:virtualAuthenticators: true}
Session ID: 12ef482ba0ca9d4526022d19d70e6406
*** Element info: {Using=class name, value=cart-empty-title} 
2021-10-16 20:21:35,096 INFO  [Log] home() PASSED 
2021-10-16 20:21:45,817 INFO  [Log] login() PASSED 
2021-10-16 20:21:53,399 INFO  [Log] searchProduct() PASSED 
2021-10-16 20:21:53,623 INFO  [Log] scrollToBottom() PASSED 
2021-10-16 20:22:08,668 ERROR [Log] seeMoreProducts() FAILED because of no such element: Unable to locate element: {"method":"css selector","selector":".lazy\-load\-current"}
  (Session info: chrome=94.0.4606.81)
For documentation on this error, please visit: https://www.seleniumhq.org/exceptions/no_such_element.html
Build info: version: '3.141.59', revision: 'e82be7d358', time: '2018-11-14T08:17:03'
System info: host: 'LAPTOP-6005L3OQ', ip: '192.168.1.8', os.name: 'Windows 10', os.arch: 'amd64', os.version: '10.0', java.version: '11.0.6'
Driver info: org.openqa.selenium.chrome.ChromeDriver
Capabilities {acceptInsecureCerts: false, browserName: chrome, browserVersion: 94.0.4606.81, chrome: {chromedriverVersion: 94.0.4606.61 (418b78f5838ed..., userDataDir: C:\Users\Lenovo\AppData\Loc...}, goog:chromeOptions: {debuggerAddress: localhost:53180}, javascriptEnabled: true, networkConnectionEnabled: false, pageLoadStrategy: normal, platform: WINDOWS, platformName: WINDOWS, proxy: Proxy(), setWindowRect: true, strictFileInteractability: false, timeouts: {implicit: 0, pageLoad: 300000, script: 30000}, unhandledPromptBehavior: dismiss and notify, webauthn:extension:credBlob: true, webauthn:extension:largeBlob: true, webauthn:virtualAuthenticators: true}
Session ID: 374cc3dcddb9d5389da7f8db5fcda9b3
*** Element info: {Using=class name, value=lazy-load-current} 
2021-10-16 20:23:03,978 INFO  [Log] home() PASSED 
2021-10-16 20:23:10,345 INFO  [Log] login() PASSED 
2021-10-16 20:23:10,788 INFO  [Log] searchProduct() PASSED 
2021-10-16 20:23:14,292 INFO  [Log] scrollToBottom() PASSED 
2021-10-16 20:23:16,958 INFO  [Log] seeMoreProducts() PASSED 
2021-10-16 20:23:20,238 INFO  [Log] selectProduct() PASSED 
2021-10-16 20:23:38,162 INFO  [Log] home() PASSED 
2021-10-16 20:23:44,383 INFO  [Log] login() PASSED 
2021-10-16 20:23:46,554 INFO  [Log] searchProduct() PASSED 
2021-10-16 20:23:46,863 INFO  [Log] scrollToBottom() PASSED 
2021-10-16 20:23:49,799 INFO  [Log] seeMoreProducts() PASSED 
2021-10-16 20:23:54,148 INFO  [Log] selectProduct() PASSED 
2021-10-16 20:24:08,614 INFO  [Log] home() PASSED 
2021-10-16 20:24:15,527 INFO  [Log] login() PASSED 
2021-10-16 20:24:16,322 INFO  [Log] searchProduct() PASSED 
2021-10-16 20:24:16,376 INFO  [Log] scrollToBottom() PASSED 
2021-10-16 20:24:19,788 INFO  [Log] seeMoreProducts() PASSED 
2021-10-16 20:24:25,222 INFO  [Log] selectProduct() PASSED 
2021-10-16 20:24:28,542 INFO  [Log] addProductToCart() PASSED 
2021-10-16 20:24:30,409 INFO  [Log] goToCart() PASSED 
2021-10-16 20:24:30,640 INFO  [Log] comparePrice() PASSED 
2021-10-16 20:24:30,855 INFO  [Log] increaseQuantityOfSelectedProduct() PASSED 
2021-10-16 20:25:13,082 ERROR [Log] removeProductFromCart() FAILED because of Expected condition failed: waiting for visibility of element located by By.className: inverted-modal-button sc-delete ins-init-condition-tracking (tried for 30 second(s) with 500 milliseconds interval) 
2021-10-16 20:25:28,213 ERROR [Log] isCartOfUserEmpty() FAILED because of no such element: Unable to locate element: {"method":"css selector","selector":".cart\-empty\-title"}
  (Session info: chrome=94.0.4606.81)
For documentation on this error, please visit: https://www.seleniumhq.org/exceptions/no_such_element.html
Build info: version: '3.141.59', revision: 'e82be7d358', time: '2018-11-14T08:17:03'
System info: host: 'LAPTOP-6005L3OQ', ip: '192.168.1.8', os.name: 'Windows 10', os.arch: 'amd64', os.version: '10.0', java.version: '11.0.6'
Driver info: org.openqa.selenium.chrome.ChromeDriver
Capabilities {acceptInsecureCerts: false, browserName: chrome, browserVersion: 94.0.4606.81, chrome: {chromedriverVersion: 94.0.4606.61 (418b78f5838ed..., userDataDir: C:\Users\Lenovo\AppData\Loc...}, goog:chromeOptions: {debuggerAddress: localhost:61484}, javascriptEnabled: true, networkConnectionEnabled: false, pageLoadStrategy: normal, platform: WINDOWS, platformName: WINDOWS, proxy: Proxy(), setWindowRect: true, strictFileInteractability: false, timeouts: {implicit: 0, pageLoad: 300000, script: 30000}, unhandledPromptBehavior: dismiss and notify, webauthn:extension:credBlob: true, webauthn:extension:largeBlob: true, webauthn:virtualAuthenticators: true}
Session ID: c188ad674c75081880155c8559f37653
*** Element info: {Using=class name, value=cart-empty-title} 
2021-10-16 20:26:38,011 INFO  [Log] home() PASSED 
2021-10-16 20:26:44,604 INFO  [Log] login() PASSED 
2021-10-16 20:26:48,444 INFO  [Log] searchProduct() PASSED 
2021-10-16 20:26:48,574 INFO  [Log] scrollToBottom() PASSED 
2021-10-16 20:26:52,971 INFO  [Log] seeMoreProducts() PASSED 
2021-10-16 20:27:00,313 INFO  [Log] selectProduct() PASSED 
2021-10-16 20:27:08,125 INFO  [Log] addProductToCart() PASSED 
2021-10-16 20:27:11,305 INFO  [Log] goToCart() PASSED 
2021-10-16 20:27:11,357 INFO  [Log] comparePrice() PASSED 
2021-10-16 20:27:11,722 INFO  [Log] increaseQuantityOfSelectedProduct() PASSED 
2021-10-16 20:27:28,466 ERROR [Log] removeProductFromCart() FAILED because of javascript error: missing ) after argument list
  (Session info: chrome=94.0.4606.81)
Build info: version: '3.141.59', revision: 'e82be7d358', time: '2018-11-14T08:17:03'
System info: host: 'LAPTOP-6005L3OQ', ip: '192.168.1.8', os.name: 'Windows 10', os.arch: 'amd64', os.version: '10.0', java.version: '11.0.6'
Driver info: org.openqa.selenium.chrome.ChromeDriver
Capabilities {acceptInsecureCerts: false, browserName: chrome, browserVersion: 94.0.4606.81, chrome: {chromedriverVersion: 94.0.4606.61 (418b78f5838ed..., userDataDir: C:\Users\Lenovo\AppData\Loc...}, goog:chromeOptions: {debuggerAddress: localhost:56503}, javascriptEnabled: true, networkConnectionEnabled: false, pageLoadStrategy: normal, platform: WINDOWS, platformName: WINDOWS, proxy: Proxy(), setWindowRect: true, strictFileInteractability: false, timeouts: {implicit: 0, pageLoad: 300000, script: 30000}, unhandledPromptBehavior: dismiss and notify, webauthn:extension:credBlob: true, webauthn:extension:largeBlob: true, webauthn:virtualAuthenticators: true}
Session ID: 75bec1bd03562ab564228dd449c926c4 
2021-10-16 20:28:04,426 INFO  [Log] home() PASSED 
2021-10-16 20:28:11,259 INFO  [Log] login() PASSED 
2021-10-16 20:28:13,770 INFO  [Log] searchProduct() PASSED 
2021-10-16 20:28:14,082 INFO  [Log] scrollToBottom() PASSED 
2021-10-16 20:28:16,866 INFO  [Log] seeMoreProducts() PASSED 
2021-10-16 20:28:35,202 INFO  [Log] home() PASSED 
2021-10-16 20:28:43,895 INFO  [Log] login() PASSED 
2021-10-16 20:28:44,399 INFO  [Log] searchProduct() PASSED 
2021-10-16 20:28:44,586 INFO  [Log] scrollToBottom() PASSED 
2021-10-16 20:28:49,696 INFO  [Log] seeMoreProducts() PASSED 
2021-10-16 20:28:56,353 INFO  [Log] selectProduct() PASSED 
2021-10-16 20:29:01,588 INFO  [Log] addProductToCart() PASSED 
2021-10-16 20:29:05,220 INFO  [Log] goToCart() PASSED 
2021-10-16 20:29:05,277 INFO  [Log] comparePrice() PASSED 
2021-10-16 20:29:05,896 INFO  [Log] increaseQuantityOfSelectedProduct() PASSED 
2021-10-16 20:29:14,243 INFO  [Log] removeProductFromCart() PASSED 
2021-10-16 20:29:29,315 ERROR [Log] isCartOfUserEmpty() FAILED because of no such element: Unable to locate element: {"method":"css selector","selector":".cart\-empty\-title"}
  (Session info: chrome=94.0.4606.81)
For documentation on this error, please visit: https://www.seleniumhq.org/exceptions/no_such_element.html
Build info: version: '3.141.59', revision: 'e82be7d358', time: '2018-11-14T08:17:03'
System info: host: 'LAPTOP-6005L3OQ', ip: '192.168.1.8', os.name: 'Windows 10', os.arch: 'amd64', os.version: '10.0', java.version: '11.0.6'
Driver info: org.openqa.selenium.chrome.ChromeDriver
Capabilities {acceptInsecureCerts: false, browserName: chrome, browserVersion: 94.0.4606.81, chrome: {chromedriverVersion: 94.0.4606.61 (418b78f5838ed..., userDataDir: C:\Users\Lenovo\AppData\Loc...}, goog:chromeOptions: {debuggerAddress: localhost:55672}, javascriptEnabled: true, networkConnectionEnabled: false, pageLoadStrategy: normal, platform: WINDOWS, platformName: WINDOWS, proxy: Proxy(), setWindowRect: true, strictFileInteractability: false, timeouts: {implicit: 0, pageLoad: 300000, script: 30000}, unhandledPromptBehavior: dismiss and notify, webauthn:extension:credBlob: true, webauthn:extension:largeBlob: true, webauthn:virtualAuthenticators: true}
Session ID: a02f2cd3e9de7f8ca833f6f09c7bc77c
*** Element info: {Using=class name, value=cart-empty-title} 
2021-10-16 20:33:01,634 INFO  [Log] home() PASSED 
2021-10-16 20:33:09,328 INFO  [Log] login() PASSED 
2021-10-16 20:33:09,772 INFO  [Log] searchProduct() PASSED 
2021-10-16 20:33:10,876 INFO  [Log] scrollToBottom() PASSED 
2021-10-16 20:33:14,540 INFO  [Log] seeMoreProducts() PASSED 
2021-10-16 20:33:17,740 INFO  [Log] selectProduct() PASSED 
2021-10-16 20:33:38,873 INFO  [Log] addProductToCart() PASSED 
2021-10-16 20:33:41,817 INFO  [Log] goToCart() PASSED 
2021-10-16 20:33:42,054 INFO  [Log] comparePrice() PASSED 
2021-10-16 20:33:42,225 INFO  [Log] increaseQuantityOfSelectedProduct() PASSED 
2021-10-16 20:33:42,284 INFO  [Log] removeProductFromCart() PASSED 
2021-10-16 20:33:57,352 ERROR [Log] isCartOfUserEmpty() FAILED because of no such element: Unable to locate element: {"method":"css selector","selector":".cart\-empty\-title"}
  (Session info: chrome=94.0.4606.81)
For documentation on this error, please visit: https://www.seleniumhq.org/exceptions/no_such_element.html
Build info: version: '3.141.59', revision: 'e82be7d358', time: '2018-11-14T08:17:03'
System info: host: 'LAPTOP-6005L3OQ', ip: '192.168.1.8', os.name: 'Windows 10', os.arch: 'amd64', os.version: '10.0', java.version: '11.0.6'
Driver info: org.openqa.selenium.chrome.ChromeDriver
Capabilities {acceptInsecureCerts: false, browserName: chrome, browserVersion: 94.0.4606.81, chrome: {chromedriverVersion: 94.0.4606.61 (418b78f5838ed..., userDataDir: C:\Users\Lenovo\AppData\Loc...}, goog:chromeOptions: {debuggerAddress: localhost:51517}, javascriptEnabled: true, networkConnectionEnabled: false, pageLoadStrategy: normal, platform: WINDOWS, platformName: WINDOWS, proxy: Proxy(), setWindowRect: true, strictFileInteractability: false, timeouts: {implicit: 0, pageLoad: 300000, script: 30000}, unhandledPromptBehavior: dismiss and notify, webauthn:extension:credBlob: true, webauthn:extension:largeBlob: true, webauthn:virtualAuthenticators: true}
Session ID: b2f49859ccb994fb456b36b8b90864ce
*** Element info: {Using=class name, value=cart-empty-title} 
2021-10-16 20:37:10,276 INFO  [Log] home() PASSED 
2021-10-16 20:37:16,444 INFO  [Log] login() PASSED 
2021-10-16 20:37:19,777 INFO  [Log] searchProduct() PASSED 
2021-10-16 20:37:20,160 INFO  [Log] scrollToBottom() PASSED 
2021-10-16 20:37:22,246 INFO  [Log] seeMoreProducts() PASSED 
2021-10-16 20:37:25,090 INFO  [Log] selectProduct() PASSED 
2021-10-16 20:37:30,076 INFO  [Log] addProductToCart() PASSED 
2021-10-16 20:37:31,899 INFO  [Log] goToCart() PASSED 
2021-10-16 20:37:32,134 INFO  [Log] comparePrice() PASSED 
2021-10-16 20:37:32,341 INFO  [Log] increaseQuantityOfSelectedProduct() PASSED 
2021-10-16 20:37:32,525 ERROR [Log] removeProductFromCart() FAILED because of invalid selector: Unable to locate an element with the xpath expression //*[@id='Cart_ProductDelete_]686683807' because of the following error:
SyntaxError: Failed to execute 'evaluate' on 'Document': The string '//*[@id='Cart_ProductDelete_]686683807'' is not a valid XPath expression.
  (Session info: chrome=94.0.4606.81)
For documentation on this error, please visit: https://www.seleniumhq.org/exceptions/invalid_selector_exception.html
Build info: version: '3.141.59', revision: 'e82be7d358', time: '2018-11-14T08:17:03'
System info: host: 'LAPTOP-6005L3OQ', ip: '192.168.1.8', os.name: 'Windows 10', os.arch: 'amd64', os.version: '10.0', java.version: '11.0.6'
Driver info: org.openqa.selenium.chrome.ChromeDriver
Capabilities {acceptInsecureCerts: false, browserName: chrome, browserVersion: 94.0.4606.81, chrome: {chromedriverVersion: 94.0.4606.61 (418b78f5838ed..., userDataDir: C:\Users\Lenovo\AppData\Loc...}, goog:chromeOptions: {debuggerAddress: localhost:53303}, javascriptEnabled: true, networkConnectionEnabled: false, pageLoadStrategy: normal, platform: WINDOWS, platformName: WINDOWS, proxy: Proxy(), setWindowRect: true, strictFileInteractability: false, timeouts: {implicit: 0, pageLoad: 300000, script: 30000}, unhandledPromptBehavior: dismiss and notify, webauthn:extension:credBlob: true, webauthn:extension:largeBlob: true, webauthn:virtualAuthenticators: true}
Session ID: a16262f741228ea4a6eeeaaad6bafaf2
*** Element info: {Using=xpath, value=//*[@id='Cart_ProductDelete_]686683807'} 
2021-10-16 20:37:47,585 ERROR [Log] isCartOfUserEmpty() FAILED because of no such element: Unable to locate element: {"method":"css selector","selector":".cart\-empty\-title"}
  (Session info: chrome=94.0.4606.81)
For documentation on this error, please visit: https://www.seleniumhq.org/exceptions/no_such_element.html
Build info: version: '3.141.59', revision: 'e82be7d358', time: '2018-11-14T08:17:03'
System info: host: 'LAPTOP-6005L3OQ', ip: '192.168.1.8', os.name: 'Windows 10', os.arch: 'amd64', os.version: '10.0', java.version: '11.0.6'
Driver info: org.openqa.selenium.chrome.ChromeDriver
Capabilities {acceptInsecureCerts: false, browserName: chrome, browserVersion: 94.0.4606.81, chrome: {chromedriverVersion: 94.0.4606.61 (418b78f5838ed..., userDataDir: C:\Users\Lenovo\AppData\Loc...}, goog:chromeOptions: {debuggerAddress: localhost:53303}, javascriptEnabled: true, networkConnectionEnabled: false, pageLoadStrategy: normal, platform: WINDOWS, platformName: WINDOWS, proxy: Proxy(), setWindowRect: true, strictFileInteractability: false, timeouts: {implicit: 0, pageLoad: 300000, script: 30000}, unhandledPromptBehavior: dismiss and notify, webauthn:extension:credBlob: true, webauthn:extension:largeBlob: true, webauthn:virtualAuthenticators: true}
Session ID: a16262f741228ea4a6eeeaaad6bafaf2
*** Element info: {Using=class name, value=cart-empty-title} 
2021-10-16 20:38:42,639 INFO  [Log] home() PASSED 
2021-10-16 20:38:53,592 INFO  [Log] login() PASSED 
2021-10-16 20:38:54,087 INFO  [Log] searchProduct() PASSED 
2021-10-16 20:39:01,158 INFO  [Log] scrollToBottom() PASSED 
2021-10-16 20:39:04,137 INFO  [Log] seeMoreProducts() PASSED 
2021-10-16 20:39:11,250 INFO  [Log] selectProduct() PASSED 
2021-10-16 20:39:41,288 INFO  [Log] home() PASSED 
2021-10-16 20:39:46,399 INFO  [Log] login() PASSED 
2021-10-16 20:39:46,431 ERROR [Log] searchProduct() FAILED because of no such element: Unable to locate element: {"method":"css selector","selector":"#search_input"}
  (Session info: chrome=94.0.4606.81)
For documentation on this error, please visit: https://www.seleniumhq.org/exceptions/no_such_element.html
Build info: version: '3.141.59', revision: 'e82be7d358', time: '2018-11-14T08:17:03'
System info: host: 'LAPTOP-6005L3OQ', ip: '192.168.1.8', os.name: 'Windows 10', os.arch: 'amd64', os.version: '10.0', java.version: '11.0.6'
Driver info: org.openqa.selenium.chrome.ChromeDriver
Capabilities {acceptInsecureCerts: false, browserName: chrome, browserVersion: 94.0.4606.81, chrome: {chromedriverVersion: 94.0.4606.61 (418b78f5838ed..., userDataDir: C:\Users\Lenovo\AppData\Loc...}, goog:chromeOptions: {debuggerAddress: localhost:53043}, javascriptEnabled: true, networkConnectionEnabled: false, pageLoadStrategy: normal, platform: WINDOWS, platformName: WINDOWS, proxy: Proxy(), setWindowRect: true, strictFileInteractability: false, timeouts: {implicit: 0, pageLoad: 300000, script: 30000}, unhandledPromptBehavior: dismiss and notify, webauthn:extension:credBlob: true, webauthn:extension:largeBlob: true, webauthn:virtualAuthenticators: true}
Session ID: e786a946673a24dd57d758a650857b5b
*** Element info: {Using=id, value=search_input} 
2021-10-16 20:39:46,472 INFO  [Log] scrollToBottom() PASSED 
2021-10-16 20:40:01,491 ERROR [Log] seeMoreProducts() FAILED because of no such element: Unable to locate element: {"method":"css selector","selector":".lazy\-load\-current"}
  (Session info: chrome=94.0.4606.81)
For documentation on this error, please visit: https://www.seleniumhq.org/exceptions/no_such_element.html
Build info: version: '3.141.59', revision: 'e82be7d358', time: '2018-11-14T08:17:03'
System info: host: 'LAPTOP-6005L3OQ', ip: '192.168.1.8', os.name: 'Windows 10', os.arch: 'amd64', os.version: '10.0', java.version: '11.0.6'
Driver info: org.openqa.selenium.chrome.ChromeDriver
Capabilities {acceptInsecureCerts: false, browserName: chrome, browserVersion: 94.0.4606.81, chrome: {chromedriverVersion: 94.0.4606.61 (418b78f5838ed..., userDataDir: C:\Users\Lenovo\AppData\Loc...}, goog:chromeOptions: {debuggerAddress: localhost:53043}, javascriptEnabled: true, networkConnectionEnabled: false, pageLoadStrategy: normal, platform: WINDOWS, platformName: WINDOWS, proxy: Proxy(), setWindowRect: true, strictFileInteractability: false, timeouts: {implicit: 0, pageLoad: 300000, script: 30000}, unhandledPromptBehavior: dismiss and notify, webauthn:extension:credBlob: true, webauthn:extension:largeBlob: true, webauthn:virtualAuthenticators: true}
Session ID: e786a946673a24dd57d758a650857b5b
*** Element info: {Using=class name, value=lazy-load-current} 
2021-10-16 20:40:18,874 INFO  [Log] home() PASSED 
2021-10-16 20:40:27,799 INFO  [Log] login() PASSED 
2021-10-16 20:40:33,438 INFO  [Log] searchProduct() PASSED 
2021-10-16 20:40:33,484 INFO  [Log] scrollToBottom() PASSED 
2021-10-16 20:40:36,375 INFO  [Log] seeMoreProducts() PASSED 
2021-10-16 20:40:42,048 INFO  [Log] selectProduct() PASSED 
2021-10-16 20:40:46,945 INFO  [Log] addProductToCart() PASSED 
2021-10-16 20:40:50,094 INFO  [Log] goToCart() PASSED 
2021-10-16 20:40:50,142 INFO  [Log] comparePrice() PASSED 
2021-10-16 20:40:50,634 INFO  [Log] increaseQuantityOfSelectedProduct() PASSED 
2021-10-16 20:40:51,066 ERROR [Log] removeProductFromCart() FAILED because of stale element reference: element is not attached to the page document
  (Session info: chrome=94.0.4606.81)
For documentation on this error, please visit: https://www.seleniumhq.org/exceptions/stale_element_reference.html
Build info: version: '3.141.59', revision: 'e82be7d358', time: '2018-11-14T08:17:03'
System info: host: 'LAPTOP-6005L3OQ', ip: '192.168.1.8', os.name: 'Windows 10', os.arch: 'amd64', os.version: '10.0', java.version: '11.0.6'
Driver info: org.openqa.selenium.chrome.ChromeDriver
Capabilities {acceptInsecureCerts: false, browserName: chrome, browserVersion: 94.0.4606.81, chrome: {chromedriverVersion: 94.0.4606.61 (418b78f5838ed..., userDataDir: C:\Users\Lenovo\AppData\Loc...}, goog:chromeOptions: {debuggerAddress: localhost:50951}, javascriptEnabled: true, networkConnectionEnabled: false, pageLoadStrategy: normal, platform: WINDOWS, platformName: WINDOWS, proxy: Proxy(), setWindowRect: true, strictFileInteractability: false, timeouts: {implicit: 0, pageLoad: 300000, script: 30000}, unhandledPromptBehavior: dismiss and notify, webauthn:extension:credBlob: true, webauthn:extension:largeBlob: true, webauthn:virtualAuthenticators: true}
Session ID: 512718c98a4aebe4f54bc013718067c2 
2021-10-16 20:41:06,133 ERROR [Log] isCartOfUserEmpty() FAILED because of no such element: Unable to locate element: {"method":"css selector","selector":".cart\-empty\-title"}
  (Session info: chrome=94.0.4606.81)
For documentation on this error, please visit: https://www.seleniumhq.org/exceptions/no_such_element.html
Build info: version: '3.141.59', revision: 'e82be7d358', time: '2018-11-14T08:17:03'
System info: host: 'LAPTOP-6005L3OQ', ip: '192.168.1.8', os.name: 'Windows 10', os.arch: 'amd64', os.version: '10.0', java.version: '11.0.6'
Driver info: org.openqa.selenium.chrome.ChromeDriver
Capabilities {acceptInsecureCerts: false, browserName: chrome, browserVersion: 94.0.4606.81, chrome: {chromedriverVersion: 94.0.4606.61 (418b78f5838ed..., userDataDir: C:\Users\Lenovo\AppData\Loc...}, goog:chromeOptions: {debuggerAddress: localhost:50951}, javascriptEnabled: true, networkConnectionEnabled: false, pageLoadStrategy: normal, platform: WINDOWS, platformName: WINDOWS, proxy: Proxy(), setWindowRect: true, strictFileInteractability: false, timeouts: {implicit: 0, pageLoad: 300000, script: 30000}, unhandledPromptBehavior: dismiss and notify, webauthn:extension:credBlob: true, webauthn:extension:largeBlob: true, webauthn:virtualAuthenticators: true}
Session ID: 512718c98a4aebe4f54bc013718067c2
*** Element info: {Using=class name, value=cart-empty-title} 
2021-10-16 20:44:25,341 INFO  [Log] home() PASSED 
2021-10-16 20:44:33,864 INFO  [Log] login() PASSED 
2021-10-16 20:44:34,379 INFO  [Log] searchProduct() PASSED 
2021-10-16 20:44:35,613 INFO  [Log] scrollToBottom() PASSED 
2021-10-16 20:44:44,746 INFO  [Log] seeMoreProducts() PASSED 
2021-10-16 20:45:00,038 ERROR [Log] selectProduct() FAILED because of timeout: Timed out receiving message from renderer: 15.000
  (Session info: chrome=94.0.4606.81)
Build info: version: '3.141.59', revision: 'e82be7d358', time: '2018-11-14T08:17:03'
System info: host: 'LAPTOP-6005L3OQ', ip: '192.168.1.8', os.name: 'Windows 10', os.arch: 'amd64', os.version: '10.0', java.version: '11.0.6'
Driver info: org.openqa.selenium.chrome.ChromeDriver
Capabilities {acceptInsecureCerts: false, browserName: chrome, browserVersion: 94.0.4606.81, chrome: {chromedriverVersion: 94.0.4606.61 (418b78f5838ed..., userDataDir: C:\Users\Lenovo\AppData\Loc...}, goog:chromeOptions: {debuggerAddress: localhost:60242}, javascriptEnabled: true, networkConnectionEnabled: false, pageLoadStrategy: normal, platform: WINDOWS, platformName: WINDOWS, proxy: Proxy(), setWindowRect: true, strictFileInteractability: false, timeouts: {implicit: 0, pageLoad: 300000, script: 30000}, unhandledPromptBehavior: dismiss and notify, webauthn:extension:credBlob: true, webauthn:extension:largeBlob: true, webauthn:virtualAuthenticators: true}
Session ID: 256d19a267cf402e2169448a7c865c50 
2021-10-16 20:45:14,652 INFO  [Log] home() PASSED 
2021-10-16 20:45:23,454 INFO  [Log] login() PASSED 
2021-10-16 20:45:24,063 INFO  [Log] searchProduct() PASSED 
2021-10-16 20:45:24,126 INFO  [Log] scrollToBottom() PASSED 
2021-10-16 20:45:29,934 INFO  [Log] seeMoreProducts() PASSED 
2021-10-16 20:45:34,141 INFO  [Log] selectProduct() PASSED 
2021-10-16 20:45:37,620 INFO  [Log] addProductToCart() PASSED 
2021-10-16 20:45:40,479 INFO  [Log] goToCart() PASSED 
2021-10-16 20:45:40,526 INFO  [Log] comparePrice() PASSED 
2021-10-16 20:45:40,885 INFO  [Log] increaseQuantityOfSelectedProduct() PASSED 
2021-10-16 20:45:41,614 ERROR [Log] removeProductFromCart() FAILED because of stale element reference: element is not attached to the page document
  (Session info: chrome=94.0.4606.81)
For documentation on this error, please visit: https://www.seleniumhq.org/exceptions/stale_element_reference.html
Build info: version: '3.141.59', revision: 'e82be7d358', time: '2018-11-14T08:17:03'
System info: host: 'LAPTOP-6005L3OQ', ip: '192.168.1.8', os.name: 'Windows 10', os.arch: 'amd64', os.version: '10.0', java.version: '11.0.6'
Driver info: org.openqa.selenium.chrome.ChromeDriver
Capabilities {acceptInsecureCerts: false, browserName: chrome, browserVersion: 94.0.4606.81, chrome: {chromedriverVersion: 94.0.4606.61 (418b78f5838ed..., userDataDir: C:\Users\Lenovo\AppData\Loc...}, goog:chromeOptions: {debuggerAddress: localhost:62750}, javascriptEnabled: true, networkConnectionEnabled: false, pageLoadStrategy: normal, platform: WINDOWS, platformName: WINDOWS, proxy: Proxy(), setWindowRect: true, strictFileInteractability: false, timeouts: {implicit: 0, pageLoad: 300000, script: 30000}, unhandledPromptBehavior: dismiss and notify, webauthn:extension:credBlob: true, webauthn:extension:largeBlob: true, webauthn:virtualAuthenticators: true}
Session ID: 8483b08d9dba1912755c50fa7ab4373a 
2021-10-16 20:45:56,632 ERROR [Log] isCartOfUserEmpty() FAILED because of no such element: Unable to locate element: {"method":"css selector","selector":".cart\-empty\-title"}
  (Session info: chrome=94.0.4606.81)
For documentation on this error, please visit: https://www.seleniumhq.org/exceptions/no_such_element.html
Build info: version: '3.141.59', revision: 'e82be7d358', time: '2018-11-14T08:17:03'
System info: host: 'LAPTOP-6005L3OQ', ip: '192.168.1.8', os.name: 'Windows 10', os.arch: 'amd64', os.version: '10.0', java.version: '11.0.6'
Driver info: org.openqa.selenium.chrome.ChromeDriver
Capabilities {acceptInsecureCerts: false, browserName: chrome, browserVersion: 94.0.4606.81, chrome: {chromedriverVersion: 94.0.4606.61 (418b78f5838ed..., userDataDir: C:\Users\Lenovo\AppData\Loc...}, goog:chromeOptions: {debuggerAddress: localhost:62750}, javascriptEnabled: true, networkConnectionEnabled: false, pageLoadStrategy: normal, platform: WINDOWS, platformName: WINDOWS, proxy: Proxy(), setWindowRect: true, strictFileInteractability: false, timeouts: {implicit: 0, pageLoad: 300000, script: 30000}, unhandledPromptBehavior: dismiss and notify, webauthn:extension:credBlob: true, webauthn:extension:largeBlob: true, webauthn:virtualAuthenticators: true}
Session ID: 8483b08d9dba1912755c50fa7ab4373a
*** Element info: {Using=class name, value=cart-empty-title} 
2021-10-16 20:49:35,752 INFO  [Log] home() PASSED 
2021-10-16 20:49:43,446 INFO  [Log] login() PASSED 
2021-10-16 20:49:43,880 INFO  [Log] searchProduct() PASSED 
2021-10-16 20:49:45,311 INFO  [Log] scrollToBottom() PASSED 
2021-10-16 20:49:48,220 INFO  [Log] seeMoreProducts() PASSED 
2021-10-16 20:49:51,680 INFO  [Log] selectProduct() PASSED 
2021-10-16 20:49:56,101 INFO  [Log] addProductToCart() PASSED 
2021-10-16 20:49:58,168 INFO  [Log] goToCart() PASSED 
2021-10-16 20:49:58,380 INFO  [Log] comparePrice() PASSED 
2021-10-16 20:49:58,596 INFO  [Log] increaseQuantityOfSelectedProduct() PASSED 
2021-10-16 20:49:59,448 ERROR [Log] removeProductFromCart() FAILED because of stale element reference: element is not attached to the page document
  (Session info: chrome=94.0.4606.81)
For documentation on this error, please visit: https://www.seleniumhq.org/exceptions/stale_element_reference.html
Build info: version: '3.141.59', revision: 'e82be7d358', time: '2018-11-14T08:17:03'
System info: host: 'LAPTOP-6005L3OQ', ip: '192.168.1.8', os.name: 'Windows 10', os.arch: 'amd64', os.version: '10.0', java.version: '11.0.6'
Driver info: org.openqa.selenium.chrome.ChromeDriver
Capabilities {acceptInsecureCerts: false, browserName: chrome, browserVersion: 94.0.4606.81, chrome: {chromedriverVersion: 94.0.4606.61 (418b78f5838ed..., userDataDir: C:\Users\Lenovo\AppData\Loc...}, goog:chromeOptions: {debuggerAddress: localhost:60810}, javascriptEnabled: true, networkConnectionEnabled: false, pageLoadStrategy: normal, platform: WINDOWS, platformName: WINDOWS, proxy: Proxy(), setWindowRect: true, strictFileInteractability: false, timeouts: {implicit: 0, pageLoad: 300000, script: 30000}, unhandledPromptBehavior: dismiss and notify, webauthn:extension:credBlob: true, webauthn:extension:largeBlob: true, webauthn:virtualAuthenticators: true}
Session ID: 7abfeffd27fa190b77a02545723f2df0 
2021-10-16 20:50:14,481 ERROR [Log] isCartOfUserEmpty() FAILED because of no such element: Unable to locate element: {"method":"css selector","selector":".cart\-empty\-title"}
  (Session info: chrome=94.0.4606.81)
For documentation on this error, please visit: https://www.seleniumhq.org/exceptions/no_such_element.html
Build info: version: '3.141.59', revision: 'e82be7d358', time: '2018-11-14T08:17:03'
System info: host: 'LAPTOP-6005L3OQ', ip: '192.168.1.8', os.name: 'Windows 10', os.arch: 'amd64', os.version: '10.0', java.version: '11.0.6'
Driver info: org.openqa.selenium.chrome.ChromeDriver
Capabilities {acceptInsecureCerts: false, browserName: chrome, browserVersion: 94.0.4606.81, chrome: {chromedriverVersion: 94.0.4606.61 (418b78f5838ed..., userDataDir: C:\Users\Lenovo\AppData\Loc...}, goog:chromeOptions: {debuggerAddress: localhost:60810}, javascriptEnabled: true, networkConnectionEnabled: false, pageLoadStrategy: normal, platform: WINDOWS, platformName: WINDOWS, proxy: Proxy(), setWindowRect: true, strictFileInteractability: false, timeouts: {implicit: 0, pageLoad: 300000, script: 30000}, unhandledPromptBehavior: dismiss and notify, webauthn:extension:credBlob: true, webauthn:extension:largeBlob: true, webauthn:virtualAuthenticators: true}
Session ID: 7abfeffd27fa190b77a02545723f2df0
*** Element info: {Using=class name, value=cart-empty-title} 
2021-10-16 20:51:31,062 INFO  [Log] home() PASSED 
2021-10-16 20:51:38,470 INFO  [Log] login() PASSED 
2021-10-16 20:51:40,887 INFO  [Log] searchProduct() PASSED 
2021-10-16 20:51:41,213 INFO  [Log] scrollToBottom() PASSED 
2021-10-16 20:51:44,342 INFO  [Log] seeMoreProducts() PASSED 
2021-10-16 20:51:48,875 INFO  [Log] selectProduct() PASSED 
2021-10-16 20:52:08,633 INFO  [Log] home() PASSED 
2021-10-16 20:52:15,195 INFO  [Log] login() PASSED 
2021-10-16 20:52:15,959 INFO  [Log] searchProduct() PASSED 
2021-10-16 20:52:16,008 INFO  [Log] scrollToBottom() PASSED 
2021-10-16 20:52:20,721 INFO  [Log] seeMoreProducts() PASSED 
2021-10-16 20:52:24,808 INFO  [Log] selectProduct() PASSED 
2021-10-16 20:52:29,897 INFO  [Log] addProductToCart() PASSED 
2021-10-16 20:52:32,507 INFO  [Log] goToCart() PASSED 
2021-10-16 20:52:32,798 INFO  [Log] comparePrice() PASSED 
2021-10-16 20:52:33,032 INFO  [Log] increaseQuantityOfSelectedProduct() PASSED 
2021-10-16 20:53:44,330 ERROR [Log] removeProductFromCart() FAILED because of element click intercepted: Element <a href="javascript:;" class="cart-square-link" title="Sil" cartitemid="686695875" id="Cart_ProductDelete_686695875" data-toggle="modal" data-target="#cartItemDeleteModal_686695875">...</a> is not clickable at point (789, 237). Other element would receive the click: <div class="modal-dialog modal-dialog-centered" role="document">...</div>
  (Session info: chrome=94.0.4606.81)
Build info: version: '3.141.59', revision: 'e82be7d358', time: '2018-11-14T08:17:03'
System info: host: 'LAPTOP-6005L3OQ', ip: '192.168.1.8', os.name: 'Windows 10', os.arch: 'amd64', os.version: '10.0', java.version: '11.0.6'
Driver info: org.openqa.selenium.chrome.ChromeDriver
Capabilities {acceptInsecureCerts: false, browserName: chrome, browserVersion: 94.0.4606.81, chrome: {chromedriverVersion: 94.0.4606.61 (418b78f5838ed..., userDataDir: C:\Users\Lenovo\AppData\Loc...}, goog:chromeOptions: {debuggerAddress: localhost:61297}, javascriptEnabled: true, networkConnectionEnabled: false, pageLoadStrategy: normal, platform: WINDOWS, platformName: WINDOWS, proxy: Proxy(), setWindowRect: true, strictFileInteractability: false, timeouts: {implicit: 0, pageLoad: 300000, script: 30000}, unhandledPromptBehavior: dismiss and notify, webauthn:extension:credBlob: true, webauthn:extension:largeBlob: true, webauthn:virtualAuthenticators: true}
Session ID: 75768b0d400cfb9241ddd368507e5949 
2021-10-16 20:53:59,458 ERROR [Log] isCartOfUserEmpty() FAILED because of no such element: Unable to locate element: {"method":"css selector","selector":".cart\-empty\-title"}
  (Session info: chrome=94.0.4606.81)
For documentation on this error, please visit: https://www.seleniumhq.org/exceptions/no_such_element.html
Build info: version: '3.141.59', revision: 'e82be7d358', time: '2018-11-14T08:17:03'
System info: host: 'LAPTOP-6005L3OQ', ip: '192.168.1.8', os.name: 'Windows 10', os.arch: 'amd64', os.version: '10.0', java.version: '11.0.6'
Driver info: org.openqa.selenium.chrome.ChromeDriver
Capabilities {acceptInsecureCerts: false, browserName: chrome, browserVersion: 94.0.4606.81, chrome: {chromedriverVersion: 94.0.4606.61 (418b78f5838ed..., userDataDir: C:\Users\Lenovo\AppData\Loc...}, goog:chromeOptions: {debuggerAddress: localhost:61297}, javascriptEnabled: true, networkConnectionEnabled: false, pageLoadStrategy: normal, platform: WINDOWS, platformName: WINDOWS, proxy: Proxy(), setWindowRect: true, strictFileInteractability: false, timeouts: {implicit: 0, pageLoad: 300000, script: 30000}, unhandledPromptBehavior: dismiss and notify, webauthn:extension:credBlob: true, webauthn:extension:largeBlob: true, webauthn:virtualAuthenticators: true}
Session ID: 75768b0d400cfb9241ddd368507e5949
*** Element info: {Using=class name, value=cart-empty-title} 
2021-10-16 20:55:42,611 INFO  [Log] home() PASSED 
2021-10-16 20:55:49,258 INFO  [Log] login() PASSED 
2021-10-16 20:55:49,729 INFO  [Log] searchProduct() PASSED 
2021-10-16 20:55:49,976 INFO  [Log] scrollToBottom() PASSED 
2021-10-16 20:55:53,356 INFO  [Log] seeMoreProducts() PASSED 
2021-10-16 20:55:58,185 INFO  [Log] selectProduct() PASSED 
2021-10-16 20:56:01,367 INFO  [Log] addProductToCart() PASSED 
2021-10-16 20:56:03,131 INFO  [Log] goToCart() PASSED 
2021-10-16 20:56:03,349 INFO  [Log] comparePrice() PASSED 
2021-10-16 20:56:03,592 INFO  [Log] increaseQuantityOfSelectedProduct() PASSED 
2021-10-16 20:56:04,082 ERROR [Log] removeProductFromCart() FAILED because of stale element reference: element is not attached to the page document
  (Session info: chrome=94.0.4606.81)
For documentation on this error, please visit: https://www.seleniumhq.org/exceptions/stale_element_reference.html
Build info: version: '3.141.59', revision: 'e82be7d358', time: '2018-11-14T08:17:03'
System info: host: 'LAPTOP-6005L3OQ', ip: '192.168.1.8', os.name: 'Windows 10', os.arch: 'amd64', os.version: '10.0', java.version: '11.0.6'
Driver info: org.openqa.selenium.chrome.ChromeDriver
Capabilities {acceptInsecureCerts: false, browserName: chrome, browserVersion: 94.0.4606.81, chrome: {chromedriverVersion: 94.0.4606.61 (418b78f5838ed..., userDataDir: C:\Users\Lenovo\AppData\Loc...}, goog:chromeOptions: {debuggerAddress: localhost:54800}, javascriptEnabled: true, networkConnectionEnabled: false, pageLoadStrategy: normal, platform: WINDOWS, platformName: WINDOWS, proxy: Proxy(), setWindowRect: true, strictFileInteractability: false, timeouts: {implicit: 0, pageLoad: 300000, script: 30000}, unhandledPromptBehavior: dismiss and notify, webauthn:extension:credBlob: true, webauthn:extension:largeBlob: true, webauthn:virtualAuthenticators: true}
Session ID: dddc57de8b2f97e3bb9313af6176b0e1 
2021-10-16 20:56:19,146 ERROR [Log] isCartOfUserEmpty() FAILED because of no such element: Unable to locate element: {"method":"css selector","selector":".cart\-empty\-title"}
  (Session info: chrome=94.0.4606.81)
For documentation on this error, please visit: https://www.seleniumhq.org/exceptions/no_such_element.html
Build info: version: '3.141.59', revision: 'e82be7d358', time: '2018-11-14T08:17:03'
System info: host: 'LAPTOP-6005L3OQ', ip: '192.168.1.8', os.name: 'Windows 10', os.arch: 'amd64', os.version: '10.0', java.version: '11.0.6'
Driver info: org.openqa.selenium.chrome.ChromeDriver
Capabilities {acceptInsecureCerts: false, browserName: chrome, browserVersion: 94.0.4606.81, chrome: {chromedriverVersion: 94.0.4606.61 (418b78f5838ed..., userDataDir: C:\Users\Lenovo\AppData\Loc...}, goog:chromeOptions: {debuggerAddress: localhost:54800}, javascriptEnabled: true, networkConnectionEnabled: false, pageLoadStrategy: normal, platform: WINDOWS, platformName: WINDOWS, proxy: Proxy(), setWindowRect: true, strictFileInteractability: false, timeouts: {implicit: 0, pageLoad: 300000, script: 30000}, unhandledPromptBehavior: dismiss and notify, webauthn:extension:credBlob: true, webauthn:extension:largeBlob: true, webauthn:virtualAuthenticators: true}
Session ID: dddc57de8b2f97e3bb9313af6176b0e1
*** Element info: {Using=class name, value=cart-empty-title} 
2021-10-16 21:00:29,614 INFO  [Log] home() PASSED 
2021-10-16 21:00:37,538 INFO  [Log] login() PASSED 
2021-10-16 21:00:38,025 INFO  [Log] searchProduct() PASSED 
2021-10-16 21:00:39,587 INFO  [Log] scrollToBottom() PASSED 
2021-10-16 21:00:44,757 INFO  [Log] seeMoreProducts() PASSED 
2021-10-16 21:00:48,788 INFO  [Log] selectProduct() PASSED 
2021-10-16 21:01:08,387 INFO  [Log] home() PASSED 
2021-10-16 21:01:14,942 INFO  [Log] login() PASSED 
2021-10-16 21:01:15,625 INFO  [Log] searchProduct() PASSED 
2021-10-16 21:01:15,681 INFO  [Log] scrollToBottom() PASSED 
2021-10-16 21:01:20,900 INFO  [Log] seeMoreProducts() PASSED 
2021-10-16 21:01:25,602 INFO  [Log] selectProduct() PASSED 
2021-10-16 21:01:31,474 INFO  [Log] addProductToCart() PASSED 
2021-10-16 21:01:33,285 INFO  [Log] goToCart() PASSED 
2021-10-16 21:01:33,575 INFO  [Log] comparePrice() PASSED 
2021-10-16 21:01:33,800 INFO  [Log] increaseQuantityOfSelectedProduct() PASSED 
2021-10-16 21:01:35,434 ERROR [Log] removeProductFromCart() FAILED because of element click intercepted: Element <a href="javascript:;" class="cart-square-link" title="Sil" cartitemid="686703076" id="Cart_ProductDelete_686703076" data-toggle="modal" data-target="#cartItemDeleteModal_686703076">...</a> is not clickable at point (789, 237). Other element would receive the click: <div class="modal-backdrop fade in"></div>
  (Session info: chrome=94.0.4606.81)
Build info: version: '3.141.59', revision: 'e82be7d358', time: '2018-11-14T08:17:03'
System info: host: 'LAPTOP-6005L3OQ', ip: '192.168.1.8', os.name: 'Windows 10', os.arch: 'amd64', os.version: '10.0', java.version: '11.0.6'
Driver info: org.openqa.selenium.chrome.ChromeDriver
Capabilities {acceptInsecureCerts: false, browserName: chrome, browserVersion: 94.0.4606.81, chrome: {chromedriverVersion: 94.0.4606.61 (418b78f5838ed..., userDataDir: C:\Users\Lenovo\AppData\Loc...}, goog:chromeOptions: {debuggerAddress: localhost:62178}, javascriptEnabled: true, networkConnectionEnabled: false, pageLoadStrategy: normal, platform: WINDOWS, platformName: WINDOWS, proxy: Proxy(), setWindowRect: true, strictFileInteractability: false, timeouts: {implicit: 0, pageLoad: 300000, script: 30000}, unhandledPromptBehavior: dismiss and notify, webauthn:extension:credBlob: true, webauthn:extension:largeBlob: true, webauthn:virtualAuthenticators: true}
Session ID: f88d4b5dd1f6c1e787285456899378ac 
2021-10-16 21:01:50,465 ERROR [Log] isCartOfUserEmpty() FAILED because of no such element: Unable to locate element: {"method":"css selector","selector":".cart\-empty\-title"}
  (Session info: chrome=94.0.4606.81)
For documentation on this error, please visit: https://www.seleniumhq.org/exceptions/no_such_element.html
Build info: version: '3.141.59', revision: 'e82be7d358', time: '2018-11-14T08:17:03'
System info: host: 'LAPTOP-6005L3OQ', ip: '192.168.1.8', os.name: 'Windows 10', os.arch: 'amd64', os.version: '10.0', java.version: '11.0.6'
Driver info: org.openqa.selenium.chrome.ChromeDriver
Capabilities {acceptInsecureCerts: false, browserName: chrome, browserVersion: 94.0.4606.81, chrome: {chromedriverVersion: 94.0.4606.61 (418b78f5838ed..., userDataDir: C:\Users\Lenovo\AppData\Loc...}, goog:chromeOptions: {debuggerAddress: localhost:62178}, javascriptEnabled: true, networkConnectionEnabled: false, pageLoadStrategy: normal, platform: WINDOWS, platformName: WINDOWS, proxy: Proxy(), setWindowRect: true, strictFileInteractability: false, timeouts: {implicit: 0, pageLoad: 300000, script: 30000}, unhandledPromptBehavior: dismiss and notify, webauthn:extension:credBlob: true, webauthn:extension:largeBlob: true, webauthn:virtualAuthenticators: true}
Session ID: f88d4b5dd1f6c1e787285456899378ac
*** Element info: {Using=class name, value=cart-empty-title} 
2021-10-16 21:02:55,358 INFO  [Log] home() PASSED 
2021-10-16 21:03:01,764 INFO  [Log] login() PASSED 
2021-10-16 21:03:04,631 INFO  [Log] searchProduct() PASSED 
2021-10-16 21:03:05,064 INFO  [Log] scrollToBottom() PASSED 
2021-10-16 21:03:06,404 INFO  [Log] seeMoreProducts() PASSED 
2021-10-16 21:03:09,956 INFO  [Log] selectProduct() PASSED 
2021-10-16 21:03:16,297 INFO  [Log] addProductToCart() PASSED 
2021-10-16 21:03:18,685 INFO  [Log] goToCart() PASSED 
2021-10-16 21:03:18,952 ERROR [Log] comparePrice() FAILED because of expected: <true> but was: <false> 
2021-10-16 21:03:19,172 INFO  [Log] increaseQuantityOfSelectedProduct() PASSED 
2021-10-16 21:03:34,048 ERROR [Log] removeProductFromCart() FAILED because of element click intercepted: Element <a href="javascript:;" class="cart-square-link" title="Sil" cartitemid="686704498" id="Cart_ProductDelete_686704498" data-toggle="modal" data-target="#cartItemDeleteModal_686704498">...</a> is not clickable at point (789, 237). Other element would receive the click: <div class="modal-dialog modal-dialog-centered" role="document">...</div>
  (Session info: chrome=94.0.4606.81)
Build info: version: '3.141.59', revision: 'e82be7d358', time: '2018-11-14T08:17:03'
System info: host: 'LAPTOP-6005L3OQ', ip: '192.168.1.8', os.name: 'Windows 10', os.arch: 'amd64', os.version: '10.0', java.version: '11.0.6'
Driver info: org.openqa.selenium.chrome.ChromeDriver
Capabilities {acceptInsecureCerts: false, browserName: chrome, browserVersion: 94.0.4606.81, chrome: {chromedriverVersion: 94.0.4606.61 (418b78f5838ed..., userDataDir: C:\Users\Lenovo\AppData\Loc...}, goog:chromeOptions: {debuggerAddress: localhost:50062}, javascriptEnabled: true, networkConnectionEnabled: false, pageLoadStrategy: normal, platform: WINDOWS, platformName: WINDOWS, proxy: Proxy(), setWindowRect: true, strictFileInteractability: false, timeouts: {implicit: 0, pageLoad: 300000, script: 30000}, unhandledPromptBehavior: dismiss and notify, webauthn:extension:credBlob: true, webauthn:extension:largeBlob: true, webauthn:virtualAuthenticators: true}
Session ID: 49232c5f75e825067a49c9c931aa8692 
2021-10-16 21:03:49,205 ERROR [Log] isCartOfUserEmpty() FAILED because of no such element: Unable to locate element: {"method":"css selector","selector":".cart\-empty\-title"}
  (Session info: chrome=94.0.4606.81)
For documentation on this error, please visit: https://www.seleniumhq.org/exceptions/no_such_element.html
Build info: version: '3.141.59', revision: 'e82be7d358', time: '2018-11-14T08:17:03'
System info: host: 'LAPTOP-6005L3OQ', ip: '192.168.1.8', os.name: 'Windows 10', os.arch: 'amd64', os.version: '10.0', java.version: '11.0.6'
Driver info: org.openqa.selenium.chrome.ChromeDriver
Capabilities {acceptInsecureCerts: false, browserName: chrome, browserVersion: 94.0.4606.81, chrome: {chromedriverVersion: 94.0.4606.61 (418b78f5838ed..., userDataDir: C:\Users\Lenovo\AppData\Loc...}, goog:chromeOptions: {debuggerAddress: localhost:50062}, javascriptEnabled: true, networkConnectionEnabled: false, pageLoadStrategy: normal, platform: WINDOWS, platformName: WINDOWS, proxy: Proxy(), setWindowRect: true, strictFileInteractability: false, timeouts: {implicit: 0, pageLoad: 300000, script: 30000}, unhandledPromptBehavior: dismiss and notify, webauthn:extension:credBlob: true, webauthn:extension:largeBlob: true, webauthn:virtualAuthenticators: true}
Session ID: 49232c5f75e825067a49c9c931aa8692
*** Element info: {Using=class name, value=cart-empty-title} 
2021-10-16 21:10:25,567 INFO  [Log] home() PASSED 
2021-10-16 21:10:32,366 INFO  [Log] login() PASSED 
2021-10-16 21:10:35,684 INFO  [Log] searchProduct() PASSED 
2021-10-16 21:10:35,808 INFO  [Log] scrollToBottom() PASSED 
2021-10-16 21:10:38,043 INFO  [Log] seeMoreProducts() PASSED 
2021-10-16 21:10:41,435 INFO  [Log] selectProduct() PASSED 
2021-10-16 21:10:46,119 INFO  [Log] addProductToCart() PASSED 
2021-10-16 21:10:48,122 INFO  [Log] goToCart() PASSED 
2021-10-16 21:10:48,337 ERROR [Log] comparePrice() FAILED because of expected: <true> but was: <false> 
2021-10-16 21:10:48,569 INFO  [Log] increaseQuantityOfSelectedProduct() PASSED 
2021-10-16 21:10:49,007 ERROR [Log] removeProductFromCart() FAILED because of stale element reference: element is not attached to the page document
  (Session info: chrome=94.0.4606.81)
For documentation on this error, please visit: https://www.seleniumhq.org/exceptions/stale_element_reference.html
Build info: version: '3.141.59', revision: 'e82be7d358', time: '2018-11-14T08:17:03'
System info: host: 'LAPTOP-6005L3OQ', ip: '192.168.1.8', os.name: 'Windows 10', os.arch: 'amd64', os.version: '10.0', java.version: '11.0.6'
Driver info: org.openqa.selenium.chrome.ChromeDriver
Capabilities {acceptInsecureCerts: false, browserName: chrome, browserVersion: 94.0.4606.81, chrome: {chromedriverVersion: 94.0.4606.61 (418b78f5838ed..., userDataDir: C:\Users\Lenovo\AppData\Loc...}, goog:chromeOptions: {debuggerAddress: localhost:55283}, javascriptEnabled: true, networkConnectionEnabled: false, pageLoadStrategy: normal, platform: WINDOWS, platformName: WINDOWS, proxy: Proxy(), setWindowRect: true, strictFileInteractability: false, timeouts: {implicit: 0, pageLoad: 300000, script: 30000}, unhandledPromptBehavior: dismiss and notify, webauthn:extension:credBlob: true, webauthn:extension:largeBlob: true, webauthn:virtualAuthenticators: true}
Session ID: 97d1b259b076d609b39af2fa03404650 
2021-10-16 21:11:04,035 ERROR [Log] isCartOfUserEmpty() FAILED because of no such element: Unable to locate element: {"method":"css selector","selector":".cart\-empty\-title"}
  (Session info: chrome=94.0.4606.81)
For documentation on this error, please visit: https://www.seleniumhq.org/exceptions/no_such_element.html
Build info: version: '3.141.59', revision: 'e82be7d358', time: '2018-11-14T08:17:03'
System info: host: 'LAPTOP-6005L3OQ', ip: '192.168.1.8', os.name: 'Windows 10', os.arch: 'amd64', os.version: '10.0', java.version: '11.0.6'
Driver info: org.openqa.selenium.chrome.ChromeDriver
Capabilities {acceptInsecureCerts: false, browserName: chrome, browserVersion: 94.0.4606.81, chrome: {chromedriverVersion: 94.0.4606.61 (418b78f5838ed..., userDataDir: C:\Users\Lenovo\AppData\Loc...}, goog:chromeOptions: {debuggerAddress: localhost:55283}, javascriptEnabled: true, networkConnectionEnabled: false, pageLoadStrategy: normal, platform: WINDOWS, platformName: WINDOWS, proxy: Proxy(), setWindowRect: true, strictFileInteractability: false, timeouts: {implicit: 0, pageLoad: 300000, script: 30000}, unhandledPromptBehavior: dismiss and notify, webauthn:extension:credBlob: true, webauthn:extension:largeBlob: true, webauthn:virtualAuthenticators: true}
Session ID: 97d1b259b076d609b39af2fa03404650
*** Element info: {Using=class name, value=cart-empty-title} 
2021-10-16 21:19:35,388 INFO  [Log] home() PASSED 
2021-10-16 21:19:42,056 INFO  [Log] login() PASSED 
2021-10-16 21:19:46,928 INFO  [Log] searchProduct() PASSED 
2021-10-16 21:19:47,227 INFO  [Log] scrollToBottom() PASSED 
2021-10-16 21:19:49,464 INFO  [Log] seeMoreProducts() PASSED 
2021-10-16 21:19:53,546 INFO  [Log] selectProduct() PASSED 
2021-10-16 21:19:58,400 INFO  [Log] addProductToCart() PASSED 
2021-10-16 21:20:00,138 INFO  [Log] goToCart() PASSED 
2021-10-16 21:20:00,394 INFO  [Log] comparePrice() PASSED 
2021-10-16 21:20:00,613 INFO  [Log] increaseQuantityOfSelectedProduct() PASSED 
2021-10-16 21:20:11,882 ERROR [Log] removeProductFromCart() FAILED because of element click intercepted: Element <a href="javascript:;" class="cart-square-link" title="Sil" cartitemid="686719025" id="Cart_ProductDelete_686719025" data-toggle="modal" data-target="#cartItemDeleteModal_686719025">...</a> is not clickable at point (789, 237). Other element would receive the click: <div class="modal-backdrop fade in"></div>
  (Session info: chrome=94.0.4606.81)
Build info: version: '3.141.59', revision: 'e82be7d358', time: '2018-11-14T08:17:03'
System info: host: 'LAPTOP-6005L3OQ', ip: '192.168.1.8', os.name: 'Windows 10', os.arch: 'amd64', os.version: '10.0', java.version: '11.0.6'
Driver info: org.openqa.selenium.chrome.ChromeDriver
Capabilities {acceptInsecureCerts: false, browserName: chrome, browserVersion: 94.0.4606.81, chrome: {chromedriverVersion: 94.0.4606.61 (418b78f5838ed..., userDataDir: C:\Users\Lenovo\AppData\Loc...}, goog:chromeOptions: {debuggerAddress: localhost:52927}, javascriptEnabled: true, networkConnectionEnabled: false, pageLoadStrategy: normal, platform: WINDOWS, platformName: WINDOWS, proxy: Proxy(), setWindowRect: true, strictFileInteractability: false, timeouts: {implicit: 0, pageLoad: 300000, script: 30000}, unhandledPromptBehavior: dismiss and notify, webauthn:extension:credBlob: true, webauthn:extension:largeBlob: true, webauthn:virtualAuthenticators: true}
Session ID: fc21dc8427305a6d8d4f703f95c0a0f4 
2021-10-16 21:20:26,979 ERROR [Log] isCartOfUserEmpty() FAILED because of no such element: Unable to locate element: {"method":"css selector","selector":".cart\-empty\-title"}
  (Session info: chrome=94.0.4606.81)
For documentation on this error, please visit: https://www.seleniumhq.org/exceptions/no_such_element.html
Build info: version: '3.141.59', revision: 'e82be7d358', time: '2018-11-14T08:17:03'
System info: host: 'LAPTOP-6005L3OQ', ip: '192.168.1.8', os.name: 'Windows 10', os.arch: 'amd64', os.version: '10.0', java.version: '11.0.6'
Driver info: org.openqa.selenium.chrome.ChromeDriver
Capabilities {acceptInsecureCerts: false, browserName: chrome, browserVersion: 94.0.4606.81, chrome: {chromedriverVersion: 94.0.4606.61 (418b78f5838ed..., userDataDir: C:\Users\Lenovo\AppData\Loc...}, goog:chromeOptions: {debuggerAddress: localhost:52927}, javascriptEnabled: true, networkConnectionEnabled: false, pageLoadStrategy: normal, platform: WINDOWS, platformName: WINDOWS, proxy: Proxy(), setWindowRect: true, strictFileInteractability: false, timeouts: {implicit: 0, pageLoad: 300000, script: 30000}, unhandledPromptBehavior: dismiss and notify, webauthn:extension:credBlob: true, webauthn:extension:largeBlob: true, webauthn:virtualAuthenticators: true}
Session ID: fc21dc8427305a6d8d4f703f95c0a0f4
*** Element info: {Using=class name, value=cart-empty-title} 
2021-10-16 21:21:35,719 INFO  [Log] home() PASSED 
2021-10-16 21:21:42,880 INFO  [Log] login() PASSED 
2021-10-16 21:21:45,830 INFO  [Log] searchProduct() PASSED 
2021-10-16 21:21:46,172 INFO  [Log] scrollToBottom() PASSED 
2021-10-16 21:21:48,998 INFO  [Log] seeMoreProducts() PASSED 
2021-10-16 21:21:52,512 INFO  [Log] selectProduct() PASSED 
2021-10-16 21:25:03,648 INFO  [Log] home() PASSED 
2021-10-16 21:25:09,997 INFO  [Log] login() PASSED 
2021-10-16 21:25:13,456 INFO  [Log] searchProduct() PASSED 
2021-10-16 21:25:13,611 INFO  [Log] scrollToBottom() PASSED 
2021-10-16 21:25:16,190 INFO  [Log] seeMoreProducts() PASSED 
2021-10-16 21:25:19,628 INFO  [Log] selectProduct() PASSED 
2021-10-16 21:25:24,339 INFO  [Log] addProductToCart() PASSED 
2021-10-16 21:25:26,246 INFO  [Log] goToCart() PASSED 
2021-10-16 21:25:26,461 INFO  [Log] comparePrice() PASSED 
2021-10-16 21:25:26,700 INFO  [Log] increaseQuantityOfSelectedProduct() PASSED 
2021-10-16 21:30:04,130 INFO  [Log] home() PASSED 
2021-10-16 21:30:22,276 INFO  [Log] home() PASSED 
2021-10-16 21:30:28,727 INFO  [Log] login() PASSED 
2021-10-16 21:30:30,837 INFO  [Log] searchProduct() PASSED 
2021-10-16 21:30:30,893 INFO  [Log] scrollToBottom() PASSED 
2021-10-16 21:30:35,647 INFO  [Log] seeMoreProducts() PASSED 
2021-10-16 21:30:40,301 INFO  [Log] selectProduct() PASSED 
2021-10-16 21:30:47,562 INFO  [Log] addProductToCart() PASSED 
2021-10-16 21:30:49,989 INFO  [Log] goToCart() PASSED 
2021-10-16 21:30:50,277 ERROR [Log] comparePrice() FAILED because of expected: <true> but was: <false> 
2021-10-16 21:30:50,476 INFO  [Log] increaseQuantityOfSelectedProduct() PASSED 
2021-10-16 21:31:02,799 ERROR [Log] removeProductFromCart() FAILED because of null 
2021-10-16 21:31:17,939 ERROR [Log] isCartOfUserEmpty() FAILED because of no such element: Unable to locate element: {"method":"css selector","selector":".cart\-empty\-title"}
  (Session info: chrome=94.0.4606.81)
For documentation on this error, please visit: https://www.seleniumhq.org/exceptions/no_such_element.html
Build info: version: '3.141.59', revision: 'e82be7d358', time: '2018-11-14T08:17:03'
System info: host: 'LAPTOP-6005L3OQ', ip: '192.168.1.8', os.name: 'Windows 10', os.arch: 'amd64', os.version: '10.0', java.version: '11.0.6'
Driver info: org.openqa.selenium.chrome.ChromeDriver
Capabilities {acceptInsecureCerts: false, browserName: chrome, browserVersion: 94.0.4606.81, chrome: {chromedriverVersion: 94.0.4606.61 (418b78f5838ed..., userDataDir: C:\Users\Lenovo\AppData\Loc...}, goog:chromeOptions: {debuggerAddress: localhost:56141}, javascriptEnabled: true, networkConnectionEnabled: false, pageLoadStrategy: normal, platform: WINDOWS, platformName: WINDOWS, proxy: Proxy(), setWindowRect: true, strictFileInteractability: false, timeouts: {implicit: 0, pageLoad: 300000, script: 30000}, unhandledPromptBehavior: dismiss and notify, webauthn:extension:credBlob: true, webauthn:extension:largeBlob: true, webauthn:virtualAuthenticators: true}
Session ID: da57e115510892f24012e920a5560291
*** Element info: {Using=class name, value=cart-empty-title} 
2021-10-16 21:32:48,932 INFO  [Log] home() PASSED 
2021-10-16 21:33:08,099 INFO  [Log] login() PASSED 
2021-10-16 21:33:08,513 INFO  [Log] searchProduct() PASSED 
2021-10-16 21:33:11,397 INFO  [Log] scrollToBottom() PASSED 
2021-10-16 21:33:13,696 INFO  [Log] seeMoreProducts() PASSED 
2021-10-16 21:33:17,471 INFO  [Log] selectProduct() PASSED 
2021-10-16 21:33:22,879 INFO  [Log] addProductToCart() PASSED 
2021-10-16 21:33:25,721 INFO  [Log] goToCart() PASSED 
2021-10-16 21:33:25,977 INFO  [Log] comparePrice() PASSED 
2021-10-16 21:33:26,168 INFO  [Log] increaseQuantityOfSelectedProduct() PASSED 
2021-10-16 21:36:37,134 INFO  [Log] removeProductFromCart() PASSED 
2021-10-16 21:40:51,267 INFO  [Log] home() PASSED 
2021-10-16 21:40:59,126 INFO  [Log] login() PASSED 
2021-10-16 21:41:02,669 INFO  [Log] searchProduct() PASSED 
2021-10-16 21:41:02,708 INFO  [Log] scrollToBottom() PASSED 
2021-10-16 21:41:07,681 INFO  [Log] seeMoreProducts() PASSED 
2021-10-16 21:41:11,322 INFO  [Log] selectProduct() PASSED 
2021-10-16 21:41:41,975 INFO  [Log] home() PASSED 
2021-10-16 21:41:48,822 INFO  [Log] login() PASSED 
2021-10-16 21:41:52,370 INFO  [Log] searchProduct() PASSED 
2021-10-16 21:41:52,551 INFO  [Log] scrollToBottom() PASSED 
2021-10-16 21:41:54,690 INFO  [Log] seeMoreProducts() PASSED 
2021-10-16 21:42:00,932 INFO  [Log] selectProduct() PASSED 
2021-10-16 21:42:07,593 INFO  [Log] addProductToCart() PASSED 
2021-10-16 21:42:10,058 INFO  [Log] goToCart() PASSED 
2021-10-16 21:42:10,106 INFO  [Log] comparePrice() PASSED 
2021-10-16 21:42:10,726 INFO  [Log] increaseQuantityOfSelectedProduct() PASSED 
2021-10-16 21:42:11,515 ERROR [Log] removeProductFromCart() FAILED because of invalid selector: Unable to locate an element with the xpath expression //*[@id=cartItemDeleteModal_686738732']/div[1]/div[1]/div[3]/div[1]/div[1]/a[1] because of the following error:
SyntaxError: Failed to execute 'evaluate' on 'Document': The string '//*[@id=cartItemDeleteModal_686738732']/div[1]/div[1]/div[3]/div[1]/div[1]/a[1]' is not a valid XPath expression.
  (Session info: chrome=94.0.4606.81)
For documentation on this error, please visit: https://www.seleniumhq.org/exceptions/invalid_selector_exception.html
Build info: version: '3.141.59', revision: 'e82be7d358', time: '2018-11-14T08:17:03'
System info: host: 'LAPTOP-6005L3OQ', ip: '192.168.1.8', os.name: 'Windows 10', os.arch: 'amd64', os.version: '10.0', java.version: '11.0.6'
Driver info: org.openqa.selenium.chrome.ChromeDriver
Capabilities {acceptInsecureCerts: false, browserName: chrome, browserVersion: 94.0.4606.81, chrome: {chromedriverVersion: 94.0.4606.61 (418b78f5838ed..., userDataDir: C:\Users\Lenovo\AppData\Loc...}, goog:chromeOptions: {debuggerAddress: localhost:64639}, javascriptEnabled: true, networkConnectionEnabled: false, pageLoadStrategy: normal, platform: WINDOWS, platformName: WINDOWS, proxy: Proxy(), setWindowRect: true, strictFileInteractability: false, timeouts: {implicit: 0, pageLoad: 300000, script: 30000}, unhandledPromptBehavior: dismiss and notify, webauthn:extension:credBlob: true, webauthn:extension:largeBlob: true, webauthn:virtualAuthenticators: true}
Session ID: 6b2afb6ef6c50ecf80d6937fe4108c9f
*** Element info: {Using=xpath, value=//*[@id=cartItemDeleteModal_686738732']/div[1]/div[1]/div[3]/div[1]/div[1]/a[1]} 
2021-10-16 21:42:26,583 ERROR [Log] isCartOfUserEmpty() FAILED because of no such element: Unable to locate element: {"method":"css selector","selector":".cart\-empty\-title"}
  (Session info: chrome=94.0.4606.81)
For documentation on this error, please visit: https://www.seleniumhq.org/exceptions/no_such_element.html
Build info: version: '3.141.59', revision: 'e82be7d358', time: '2018-11-14T08:17:03'
System info: host: 'LAPTOP-6005L3OQ', ip: '192.168.1.8', os.name: 'Windows 10', os.arch: 'amd64', os.version: '10.0', java.version: '11.0.6'
Driver info: org.openqa.selenium.chrome.ChromeDriver
Capabilities {acceptInsecureCerts: false, browserName: chrome, browserVersion: 94.0.4606.81, chrome: {chromedriverVersion: 94.0.4606.61 (418b78f5838ed..., userDataDir: C:\Users\Lenovo\AppData\Loc...}, goog:chromeOptions: {debuggerAddress: localhost:64639}, javascriptEnabled: true, networkConnectionEnabled: false, pageLoadStrategy: normal, platform: WINDOWS, platformName: WINDOWS, proxy: Proxy(), setWindowRect: true, strictFileInteractability: false, timeouts: {implicit: 0, pageLoad: 300000, script: 30000}, unhandledPromptBehavior: dismiss and notify, webauthn:extension:credBlob: true, webauthn:extension:largeBlob: true, webauthn:virtualAuthenticators: true}
Session ID: 6b2afb6ef6c50ecf80d6937fe4108c9f
*** Element info: {Using=class name, value=cart-empty-title} 
2021-10-16 21:48:04,676 INFO  [Log] home() PASSED 
2021-10-16 21:48:12,224 INFO  [Log] login() PASSED 
2021-10-16 21:48:14,160 INFO  [Log] searchProduct() PASSED 
2021-10-16 21:48:14,220 INFO  [Log] scrollToBottom() PASSED 
2021-10-16 21:48:19,404 INFO  [Log] seeMoreProducts() PASSED 
2021-10-16 21:48:23,409 INFO  [Log] selectProduct() PASSED 
2021-10-16 21:48:28,488 INFO  [Log] addProductToCart() PASSED 
2021-10-16 21:48:30,126 INFO  [Log] goToCart() PASSED 
2021-10-16 21:48:30,365 INFO  [Log] comparePrice() PASSED 
2021-10-16 21:48:30,593 INFO  [Log] increaseQuantityOfSelectedProduct() PASSED 
2021-10-16 21:48:30,935 INFO  [Log] removeProductFromCart() PASSED 
2021-10-16 21:48:31,812 INFO  [Log] isCartOfUserEmpty() PASSED 
2021-10-16 22:22:20,898 INFO  [Log] home() PASSED 
2021-10-16 22:22:20,904 ERROR [Log] UserName or Password cannot be empty. Please enter your infos to LoginConfig.java file 
2021-10-16 22:22:20,904 INFO  [Log] login() PASSED 
2021-10-16 22:22:21,432 INFO  [Log] searchProduct() PASSED 
2021-10-16 22:22:25,311 INFO  [Log] scrollToBottom() PASSED 
2021-10-16 22:22:29,314 INFO  [Log] seeMoreProducts() PASSED 
2021-10-16 22:22:33,564 INFO  [Log] selectProduct() PASSED 
2021-10-16 22:22:34,689 INFO  [Log] Item has been added to cart 
2021-10-16 22:22:37,063 INFO  [Log] addProductToCart() PASSED 
2021-10-16 22:22:39,038 INFO  [Log] goToCart() PASSED 
2021-10-16 22:22:39,271 ERROR [Log] comparePrice() FAILED because of expected: <131,98 TL> but was: <119,99 TL> 
2021-10-16 22:22:54,322 ERROR [Log] increaseQuantityOfSelectedProduct() FAILED because of no such element: Unable to locate element: {"method":"xpath","selector":"/html/body/div[3]/div[3]/div[2]/div[1]/div[1]/div[2]/div[1]/div[1]/div[1]/div/div[1]/div/a[2]"}
  (Session info: chrome=94.0.4606.81)
For documentation on this error, please visit: https://www.seleniumhq.org/exceptions/no_such_element.html
Build info: version: '3.141.59', revision: 'e82be7d358', time: '2018-11-14T08:17:03'
System info: host: 'LAPTOP-6005L3OQ', ip: '192.168.1.8', os.name: 'Windows 10', os.arch: 'amd64', os.version: '10.0', java.version: '11.0.6'
Driver info: org.openqa.selenium.chrome.ChromeDriver
Capabilities {acceptInsecureCerts: false, browserName: chrome, browserVersion: 94.0.4606.81, chrome: {chromedriverVersion: 94.0.4606.61 (418b78f5838ed..., userDataDir: C:\Users\Lenovo\AppData\Loc...}, goog:chromeOptions: {debuggerAddress: localhost:63965}, javascriptEnabled: true, networkConnectionEnabled: false, pageLoadStrategy: normal, platform: WINDOWS, platformName: WINDOWS, proxy: Proxy(), setWindowRect: true, strictFileInteractability: false, timeouts: {implicit: 0, pageLoad: 300000, script: 30000}, unhandledPromptBehavior: dismiss and notify, webauthn:extension:credBlob: true, webauthn:extension:largeBlob: true, webauthn:virtualAuthenticators: true}
Session ID: c35aa78494fa57d82aa9b00f4b092e7e
*** Element info: {Using=xpath, value=/html/body/div[3]/div[3]/div[2]/div[1]/div[1]/div[2]/div[1]/div[1]/div[1]/div/div[1]/div/a[2]} 
2021-10-16 22:23:09,367 ERROR [Log] removeProductFromCart() FAILED because of no such element: Unable to locate element: {"method":"xpath","selector":"/html/body/div[3]/div[3]/div[2]/div[1]/div[1]/div[2]/div[1]/div[1]/div[2]/div/a[1]/i"}
  (Session info: chrome=94.0.4606.81)
For documentation on this error, please visit: https://www.seleniumhq.org/exceptions/no_such_element.html
Build info: version: '3.141.59', revision: 'e82be7d358', time: '2018-11-14T08:17:03'
System info: host: 'LAPTOP-6005L3OQ', ip: '192.168.1.8', os.name: 'Windows 10', os.arch: 'amd64', os.version: '10.0', java.version: '11.0.6'
Driver info: org.openqa.selenium.chrome.ChromeDriver
Capabilities {acceptInsecureCerts: false, browserName: chrome, browserVersion: 94.0.4606.81, chrome: {chromedriverVersion: 94.0.4606.61 (418b78f5838ed..., userDataDir: C:\Users\Lenovo\AppData\Loc...}, goog:chromeOptions: {debuggerAddress: localhost:63965}, javascriptEnabled: true, networkConnectionEnabled: false, pageLoadStrategy: normal, platform: WINDOWS, platformName: WINDOWS, proxy: Proxy(), setWindowRect: true, strictFileInteractability: false, timeouts: {implicit: 0, pageLoad: 300000, script: 30000}, unhandledPromptBehavior: dismiss and notify, webauthn:extension:credBlob: true, webauthn:extension:largeBlob: true, webauthn:virtualAuthenticators: true}
Session ID: c35aa78494fa57d82aa9b00f4b092e7e
*** Element info: {Using=xpath, value=/html/body/div[3]/div[3]/div[2]/div[1]/div[1]/div[2]/div[1]/div[1]/div[2]/div/a[1]/i} 
2021-10-16 22:23:24,414 ERROR [Log] isCartOfUserEmpty() FAILED because of no such element: Unable to locate element: {"method":"css selector","selector":".cart\-empty\-title"}
  (Session info: chrome=94.0.4606.81)
For documentation on this error, please visit: https://www.seleniumhq.org/exceptions/no_such_element.html
Build info: version: '3.141.59', revision: 'e82be7d358', time: '2018-11-14T08:17:03'
System info: host: 'LAPTOP-6005L3OQ', ip: '192.168.1.8', os.name: 'Windows 10', os.arch: 'amd64', os.version: '10.0', java.version: '11.0.6'
Driver info: org.openqa.selenium.chrome.ChromeDriver
Capabilities {acceptInsecureCerts: false, browserName: chrome, browserVersion: 94.0.4606.81, chrome: {chromedriverVersion: 94.0.4606.61 (418b78f5838ed..., userDataDir: C:\Users\Lenovo\AppData\Loc...}, goog:chromeOptions: {debuggerAddress: localhost:63965}, javascriptEnabled: true, networkConnectionEnabled: false, pageLoadStrategy: normal, platform: WINDOWS, platformName: WINDOWS, proxy: Proxy(), setWindowRect: true, strictFileInteractability: false, timeouts: {implicit: 0, pageLoad: 300000, script: 30000}, unhandledPromptBehavior: dismiss and notify, webauthn:extension:credBlob: true, webauthn:extension:largeBlob: true, webauthn:virtualAuthenticators: true}
Session ID: c35aa78494fa57d82aa9b00f4b092e7e
*** Element info: {Using=class name, value=cart-empty-title} 
